# An error report file with more information is saved as:
# C:\Workspace\ProjetosKotlin\dice-roller-kotlin\hs_err_pid11004.log
#
# There is insufficient memory for the Java Runtime Environment to continue.
# Native memory allocation (malloc) failed to allocate 1375856 bytes for Chunk::new
# Possible reasons:
#   The system is out of physical RAM or swap space
#   The process is running with CompressedOops enabled, and the Java Heap may be blocking the growth of the native heap
# Possible solutions:
#   Reduce memory load on the system
#   Increase physical memory or swap space
#   Check if swap backing store is full
#   Decrease Java heap size (-Xmx/-Xms)
#   Decrease number of Java threads
#   Decrease Java thread stack sizes (-Xss)
#   Set larger code cache with -XX:ReservedCodeCacheSize=
#   JVM is running with Unscaled Compressed Oops mode in which the Java heap is
#     placed in the first 4GB address space. The Java Heap base address is the
#     maximum limit for the native heap growth. Please use -XX:HeapBaseMinAddress
#     to set the Java Heap base and to place the Java Heap above 4GB virtual address.
# This output file may be truncated or incomplete.
#
#  Out of Memory Error (./src/hotspot/share/memory/arena.cpp:197), pid=11004, tid=9068
#
# JRE version: OpenJDK Runtime Environment (11.0.12+7) (build 11.0.12+7-b1504.28-7817840)
# Java VM: OpenJDK 64-Bit Server VM (11.0.12+7-b1504.28-7817840, mixed mode, tiered, compressed oops, g1 gc, windows-amd64)
# No core dump will be written. Minidumps are not enabled by default on client versions of Windows
#

---------------  S U M M A R Y ------------

Command Line: --add-opens=java.base/java.util=ALL-UNNAMED --add-opens=java.base/java.lang=ALL-UNNAMED --add-opens=java.base/java.lang.invoke=ALL-UNNAMED --add-opens=java.base/java.util=ALL-UNNAMED --add-opens=java.prefs/java.util.prefs=ALL-UNNAMED --add-opens=java.prefs/java.util.prefs=ALL-UNNAMED --add-opens=java.base/java.nio.charset=ALL-UNNAMED --add-opens=java.base/java.net=ALL-UNNAMED --add-opens=java.base/java.util.concurrent.atomic=ALL-UNNAMED -Xmx2048m -Dfile.encoding=UTF-8 -Duser.country=BR -Duser.language=pt -Duser.variant org.gradle.launcher.daemon.bootstrap.GradleDaemon 7.3.3

Host: Intel(R) Core(TM) i5-4210U CPU @ 1.70GHz, 4 cores, 5G,  Windows 10 , 64 bit Build 19041 (10.0.19041.1889)
Time: Sun Aug 14 21:37:41 2022 Hora oficial do Brasil elapsed time: 16.598785 seconds (0d 0h 0m 16s)

---------------  T H R E A D  ---------------

Current thread (0x0000022fb7dd6000):  JavaThread "C2 CompilerThread0" daemon [_thread_in_native, id=9068, stack(0x000000b812300000,0x000000b812400000)]


Current CompileTask:
C2:  16599 1963   !   4       java.lang.ClassLoader::loadClass (122 bytes)

Stack: [0x000000b812300000,0x000000b812400000]
Native frames: (J=compiled Java code, j=interpreted, Vv=VM code, C=native code)
V  [jvm.dll+0x5fbcea]
V  [jvm.dll+0x731905]
V  [jvm.dll+0x732f1d]
V  [jvm.dll+0x7335d3]
V  [jvm.dll+0x247bf8]
V  [jvm.dll+0xc018c]
V  [jvm.dll+0xc06cc]
V  [jvm.dll+0x35b31d]
V  [jvm.dll+0x19d0bc]
V  [jvm.dll+0x20070e]
V  [jvm.dll+0x1ff794]
V  [jvm.dll+0x18868c]
V  [jvm.dll+0x20e0d7]
V  [jvm.dll+0x20c901]
V  [jvm.dll+0x6f9b7f]
V  [jvm.dll+0x6f26a5]
V  [jvm.dll+0x5fabf6]
C  [ucrtbase.dll+0x21bb2]
C  [KERNEL32.DLL+0x17034]
C  [ntdll.dll+0x52651]


---------------  P R O C E S S  ---------------

Threads class SMR info:
_java_thread_list=0x0000022fb976ab70, length=23, elements={
0x0000022f9da5b000, 0x0000022fb7db3800, 0x0000022fb7db4800, 0x0000022fb7dd0000,
0x0000022fb7dd2000, 0x0000022fb7dd2800, 0x0000022fb7dd6000, 0x0000022fb7dd9800,
0x0000022fb87a4000, 0x0000022fb88a8000, 0x0000022fbc158800, 0x0000022fbb487000,
0x0000022fb92cf000, 0x0000022fb9650800, 0x0000022fb9651800, 0x0000022fb9751000,
0x0000022fbacd3000, 0x0000022fbc09e800, 0x0000022fbb2e1800, 0x0000022fbbcf0800,
0x0000022fbbcf2000, 0x0000022fbbcf4800, 0x0000022fbbcf3000
}

Java Threads: ( => current thread )
  0x0000022f9da5b000 JavaThread "main" [_thread_blocked, id=12828, stack(0x000000b811700000,0x000000b811800000)]
  0x0000022fb7db3800 JavaThread "Reference Handler" daemon [_thread_blocked, id=9836, stack(0x000000b811e00000,0x000000b811f00000)]
  0x0000022fb7db4800 JavaThread "Finalizer" daemon [_thread_blocked, id=13216, stack(0x000000b811f00000,0x000000b812000000)]
  0x0000022fb7dd0000 JavaThread "Signal Dispatcher" daemon [_thread_blocked, id=4380, stack(0x000000b812000000,0x000000b812100000)]
  0x0000022fb7dd2000 JavaThread "Attach Listener" daemon [_thread_blocked, id=6992, stack(0x000000b812100000,0x000000b812200000)]
  0x0000022fb7dd2800 JavaThread "Service Thread" daemon [_thread_blocked, id=5876, stack(0x000000b812200000,0x000000b812300000)]
=>0x0000022fb7dd6000 JavaThread "C2 CompilerThread0" daemon [_thread_in_native, id=9068, stack(0x000000b812300000,0x000000b812400000)]
  0x0000022fb7dd9800 JavaThread "C1 CompilerThread0" daemon [_thread_in_native, id=7004, stack(0x000000b812400000,0x000000b812500000)]
  0x0000022fb87a4000 JavaThread "Sweeper thread" daemon [_thread_blocked, id=8688, stack(0x000000b812500000,0x000000b812600000)]
  0x0000022fb88a8000 JavaThread "Common-Cleaner" daemon [_thread_blocked, id=5288, stack(0x000000b812600000,0x000000b812700000)]
  0x0000022fbc158800 JavaThread "Daemon health stats" [_thread_blocked, id=2972, stack(0x000000b812a00000,0x000000b812b00000)]
  0x0000022fbb487000 JavaThread "Incoming local TCP Connector on port 50773" [_thread_in_native, id=8096, stack(0x000000b812900000,0x000000b812a00000)]
  0x0000022fb92cf000 JavaThread "Daemon periodic checks" [_thread_blocked, id=10732, stack(0x000000b812b00000,0x000000b812c00000)]
  0x0000022fb9650800 JavaThread "Daemon" [_thread_blocked, id=10736, stack(0x000000b812c00000,0x000000b812d00000)]
  0x0000022fb9651800 JavaThread "Handler for socket connection from /127.0.0.1:50773 to /127.0.0.1:50774" [_thread_in_native, id=1736, stack(0x000000b812d00000,0x000000b812e00000)]
  0x0000022fb9751000 JavaThread "Cancel handler" [_thread_blocked, id=7184, stack(0x000000b812e00000,0x000000b812f00000)]
  0x0000022fbacd3000 JavaThread "Daemon worker" [_thread_in_Java, id=12076, stack(0x000000b812f00000,0x000000b813000000)]
  0x0000022fbc09e800 JavaThread "Asynchronous log dispatcher for DefaultDaemonConnection: socket connection from /127.0.0.1:50773 to /127.0.0.1:50774" [_thread_blocked, id=3236, stack(0x000000b813000000,0x000000b813100000)]
  0x0000022fbb2e1800 JavaThread "Stdin handler" [_thread_blocked, id=11116, stack(0x000000b813100000,0x000000b813200000)]
  0x0000022fbbcf0800 JavaThread "Daemon client event forwarder" [_thread_blocked, id=8348, stack(0x000000b813200000,0x000000b813300000)]
  0x0000022fbbcf2000 JavaThread "Cache worker for journal cache (C:\Users\Camilla\.gradle\caches\journal-1)" [_thread_blocked, id=11416, stack(0x000000b813500000,0x000000b813600000)]
  0x0000022fbbcf4800 JavaThread "File lock request listener" [_thread_in_native, id=3020, stack(0x000000b813600000,0x000000b813700000)]
  0x0000022fbbcf3000 JavaThread "Cache worker for file hash cache (C:\Users\Camilla\.gradle\caches\7.3.3\fileHashes)" [_thread_blocked, id=8128, stack(0x000000b813700000,0x000000b813800000)]

Other Threads:
  0x0000022fb7db0800 VMThread "VM Thread" [stack: 0x000000b811d00000,0x000000b811e00000] [id=3512]
  0x0000022fb88cd800 WatcherThread [stack: 0x000000b812700000,0x000000b812800000] [id=4072]
  0x0000022f9da73800 GCTaskThread "GC Thread#0" [stack: 0x000000b811800000,0x000000b811900000] [id=3704]
  0x0000022fb8b68000 GCTaskThread "GC Thread#1" [stack: 0x000000b812800000,0x000000b812900000] [id=3768]
  0x0000022fb8ab2000 GCTaskThread "GC Thread#2" [stack: 0x000000b813300000,0x000000b813400000] [id=9112]
  0x0000022fbbc8e800 GCTaskThread "GC Thread#3" [stack: 0x000000b813400000,0x000000b813500000] [id=4528]
  0x0000022f9daa4000 ConcurrentGCThread "G1 Main Marker" [stack: 0x000000b811900000,0x000000b811a00000] [id=9504]
  0x0000022f9daa6800 ConcurrentGCThread "G1 Conc#0" [stack: 0x000000b811a00000,0x000000b811b00000] [id=5396]
  0x0000022f9db18800 ConcurrentGCThread "G1 Refine#0" [stack: 0x000000b811b00000,0x000000b811c00000] [id=3152]
  0x0000022f9db19800 ConcurrentGCThread "G1 Young RemSet Sampling" [stack: 0x000000b811c00000,0x000000b811d00000] [id=672]

Threads with active compile tasks:
C2 CompilerThread0  16674 1963   !   4       java.lang.ClassLoader::loadClass (122 bytes)
C1 CompilerThread0  16674 2001       3       jdk.internal.org.objectweb.asm.MethodWriter::getSize (838 bytes)

VM state:not at safepoint (normal execution)

VM Mutex/Monitor currently owned by a thread: None

Heap address: 0x0000000080000000, size: 2048 MB, Compressed Oops mode: 32-bit
Narrow klass base: 0x0000000000000000, Narrow klass shift: 3
Compressed class space size: 1073741824 Address: 0x0000000100000000

Heap:
 garbage-first heap   total 98304K, used 23817K [0x0000000080000000, 0x0000000100000000)
  region size 1024K, 9 young (9216K), 2 survivors (2048K)
 Metaspace       used 21659K, capacity 22232K, committed 22576K, reserved 1073152K
  class space    used 2703K, capacity 2868K, committed 2944K, reserved 1048576K
Heap Regions: E=young(eden), S=young(survivor), O=old, HS=humongous(starts), HC=humongous(continues), CS=collection set, F=free, A=archive, TAMS=top-at-mark-start (previous, next)
|   0|0x0000000080000000, 0x0000000080100000, 0x0000000080100000|100%| O|  |TAMS 0x0000000080100000, 0x0000000080000000| Untracked 
|   1|0x0000000080100000, 0x0000000080200000, 0x0000000080200000|100%| O|  |TAMS 0x0000000080200000, 0x0000000080100000| Untracked 
|   2|0x0000000080200000, 0x0000000080300000, 0x0000000080300000|100%| O|  |TAMS 0x0000000080300000, 0x0000000080200000| Untracked 
|   3|0x0000000080300000, 0x0000000080400000, 0x0000000080400000|100%|HS|  |TAMS 0x0000000080400000, 0x0000000080300000| Complete 
|   4|0x0000000080400000, 0x0000000080500000, 0x0000000080500000|100%|HC|  |TAMS 0x0000000080500000, 0x0000000080400000| Complete 
|   5|0x0000000080500000, 0x0000000080600000, 0x0000000080600000|100%|HC|  |TAMS 0x0000000080600000, 0x0000000080500000| Complete 
|   6|0x0000000080600000, 0x0000000080700000, 0x0000000080700000|100%| O|  |TAMS 0x0000000080700000, 0x0000000080600000| Untracked 
|   7|0x0000000080700000, 0x0000000080800000, 0x0000000080800000|100%| O|  |TAMS 0x0000000080800000, 0x0000000080700000| Untracked 
|   8|0x0000000080800000, 0x0000000080900000, 0x0000000080900000|100%| O|  |TAMS 0x0000000080900000, 0x0000000080800000| Untracked 
|   9|0x0000000080900000, 0x0000000080a00000, 0x0000000080a00000|100%| O|  |TAMS 0x0000000080a00000, 0x0000000080900000| Untracked 
|  10|0x0000000080a00000, 0x0000000080b00000, 0x0000000080b00000|100%| O|  |TAMS 0x0000000080b00000, 0x0000000080a00000| Untracked 
|  11|0x0000000080b00000, 0x0000000080c00000, 0x0000000080c00000|100%| O|  |TAMS 0x0000000080c00000, 0x0000000080b00000| Untracked 
|  12|0x0000000080c00000, 0x0000000080d00000, 0x0000000080d00000|100%| O|  |TAMS 0x0000000080d00000, 0x0000000080c00000| Untracked 
|  13|0x0000000080d00000, 0x0000000080e00000, 0x0000000080e00000|100%| O|  |TAMS 0x0000000080e00000, 0x0000000080d00000| Untracked 
|  14|0x0000000080e00000, 0x0000000080f00000, 0x0000000080f00000|100%| O|  |TAMS 0x0000000080f00000, 0x0000000080e00000| Untracked 
|  15|0x0000000080f00000, 0x0000000080fc4a00, 0x0000000081000000| 76%| O|  |TAMS 0x0000000080fc4a00, 0x0000000080f00000| Untracked 
|  16|0x0000000081000000, 0x0000000081000000, 0x0000000081100000|  0%| F|  |TAMS 0x0000000081000000, 0x0000000081000000| Untracked 
|  17|0x0000000081100000, 0x0000000081100000, 0x0000000081200000|  0%| F|  |TAMS 0x0000000081100000, 0x0000000081100000| Untracked 
|  18|0x0000000081200000, 0x0000000081200000, 0x0000000081300000|  0%| F|  |TAMS 0x0000000081200000, 0x0000000081200000| Untracked 
|  19|0x0000000081300000, 0x0000000081300000, 0x0000000081400000|  0%| F|  |TAMS 0x0000000081300000, 0x0000000081300000| Untracked 
|  20|0x0000000081400000, 0x0000000081400000, 0x0000000081500000|  0%| F|  |TAMS 0x0000000081400000, 0x0000000081400000| Untracked 
|  21|0x0000000081500000, 0x0000000081500000, 0x0000000081600000|  0%| F|  |TAMS 0x0000000081500000, 0x0000000081500000| Untracked 
|  22|0x0000000081600000, 0x0000000081600000, 0x0000000081700000|  0%| F|  |TAMS 0x0000000081600000, 0x0000000081600000| Untracked 
|  23|0x0000000081700000, 0x0000000081700000, 0x0000000081800000|  0%| F|  |TAMS 0x0000000081700000, 0x0000000081700000| Untracked 
|  24|0x0000000081800000, 0x0000000081800000, 0x0000000081900000|  0%| F|  |TAMS 0x0000000081800000, 0x0000000081800000| Untracked 
|  25|0x0000000081900000, 0x0000000081900000, 0x0000000081a00000|  0%| F|  |TAMS 0x0000000081900000, 0x0000000081900000| Untracked 
|  26|0x0000000081a00000, 0x0000000081a00000, 0x0000000081b00000|  0%| F|  |TAMS 0x0000000081a00000, 0x0000000081a00000| Untracked 
|  27|0x0000000081b00000, 0x0000000081b00000, 0x0000000081c00000|  0%| F|  |TAMS 0x0000000081b00000, 0x0000000081b00000| Untracked 
|  28|0x0000000081c00000, 0x0000000081c00000, 0x0000000081d00000|  0%| F|  |TAMS 0x0000000081c00000, 0x0000000081c00000| Untracked 
|  29|0x0000000081d00000, 0x0000000081d00000, 0x0000000081e00000|  0%| F|  |TAMS 0x0000000081d00000, 0x0000000081d00000| Untracked 
|  30|0x0000000081e00000, 0x0000000081e00000, 0x0000000081f00000|  0%| F|  |TAMS 0x0000000081e00000, 0x0000000081e00000| Untracked 
|  31|0x0000000081f00000, 0x0000000081f00000, 0x0000000082000000|  0%| F|  |TAMS 0x0000000081f00000, 0x0000000081f00000| Untracked 
|  32|0x0000000082000000, 0x0000000082000000, 0x0000000082100000|  0%| F|  |TAMS 0x0000000082000000, 0x0000000082000000| Untracked 
|  33|0x0000000082100000, 0x0000000082100000, 0x0000000082200000|  0%| F|  |TAMS 0x0000000082100000, 0x0000000082100000| Untracked 
|  34|0x0000000082200000, 0x0000000082200000, 0x0000000082300000|  0%| F|  |TAMS 0x0000000082200000, 0x0000000082200000| Untracked 
|  35|0x0000000082300000, 0x0000000082300000, 0x0000000082400000|  0%| F|  |TAMS 0x0000000082300000, 0x0000000082300000| Untracked 
|  36|0x0000000082400000, 0x0000000082400000, 0x0000000082500000|  0%| F|  |TAMS 0x0000000082400000, 0x0000000082400000| Untracked 
|  37|0x0000000082500000, 0x0000000082500000, 0x0000000082600000|  0%| F|  |TAMS 0x0000000082500000, 0x0000000082500000| Untracked 
|  38|0x0000000082600000, 0x0000000082600000, 0x0000000082700000|  0%| F|  |TAMS 0x0000000082600000, 0x0000000082600000| Untracked 
|  39|0x0000000082700000, 0x0000000082700000, 0x0000000082800000|  0%| F|  |TAMS 0x0000000082700000, 0x0000000082700000| Untracked 
|  40|0x0000000082800000, 0x0000000082800000, 0x0000000082900000|  0%| F|  |TAMS 0x0000000082800000, 0x0000000082800000| Untracked 
|  41|0x0000000082900000, 0x0000000082900000, 0x0000000082a00000|  0%| F|  |TAMS 0x0000000082900000, 0x0000000082900000| Untracked 
|  42|0x0000000082a00000, 0x0000000082a00000, 0x0000000082b00000|  0%| F|  |TAMS 0x0000000082a00000, 0x0000000082a00000| Untracked 
|  43|0x0000000082b00000, 0x0000000082b00000, 0x0000000082c00000|  0%| F|  |TAMS 0x0000000082b00000, 0x0000000082b00000| Untracked 
|  44|0x0000000082c00000, 0x0000000082c00000, 0x0000000082d00000|  0%| F|  |TAMS 0x0000000082c00000, 0x0000000082c00000| Untracked 
|  45|0x0000000082d00000, 0x0000000082d00000, 0x0000000082e00000|  0%| F|  |TAMS 0x0000000082d00000, 0x0000000082d00000| Untracked 
|  46|0x0000000082e00000, 0x0000000082e00000, 0x0000000082f00000|  0%| F|  |TAMS 0x0000000082e00000, 0x0000000082e00000| Untracked 
|  47|0x0000000082f00000, 0x0000000082f00000, 0x0000000083000000|  0%| F|  |TAMS 0x0000000082f00000, 0x0000000082f00000| Untracked 
|  48|0x0000000083000000, 0x0000000083000000, 0x0000000083100000|  0%| F|  |TAMS 0x0000000083000000, 0x0000000083000000| Untracked 
|  49|0x0000000083100000, 0x0000000083100000, 0x0000000083200000|  0%| F|  |TAMS 0x0000000083100000, 0x0000000083100000| Untracked 
|  50|0x0000000083200000, 0x0000000083200000, 0x0000000083300000|  0%| F|  |TAMS 0x0000000083200000, 0x0000000083200000| Untracked 
|  51|0x0000000083300000, 0x0000000083300000, 0x0000000083400000|  0%| F|  |TAMS 0x0000000083300000, 0x0000000083300000| Untracked 
|  52|0x0000000083400000, 0x0000000083400000, 0x0000000083500000|  0%| F|  |TAMS 0x0000000083400000, 0x0000000083400000| Untracked 
|  53|0x0000000083500000, 0x0000000083500000, 0x0000000083600000|  0%| F|  |TAMS 0x0000000083500000, 0x0000000083500000| Untracked 
|  54|0x0000000083600000, 0x0000000083600000, 0x0000000083700000|  0%| F|  |TAMS 0x0000000083600000, 0x0000000083600000| Untracked 
|  55|0x0000000083700000, 0x0000000083700000, 0x0000000083800000|  0%| F|  |TAMS 0x0000000083700000, 0x0000000083700000| Untracked 
|  56|0x0000000083800000, 0x0000000083800000, 0x0000000083900000|  0%| F|  |TAMS 0x0000000083800000, 0x0000000083800000| Untracked 
|  57|0x0000000083900000, 0x0000000083900000, 0x0000000083a00000|  0%| F|  |TAMS 0x0000000083900000, 0x0000000083900000| Untracked 
|  58|0x0000000083a00000, 0x0000000083a00000, 0x0000000083b00000|  0%| F|  |TAMS 0x0000000083a00000, 0x0000000083a00000| Untracked 
|  59|0x0000000083b00000, 0x0000000083b00000, 0x0000000083c00000|  0%| F|  |TAMS 0x0000000083b00000, 0x0000000083b00000| Untracked 
|  60|0x0000000083c00000, 0x0000000083c00000, 0x0000000083d00000|  0%| F|  |TAMS 0x0000000083c00000, 0x0000000083c00000| Untracked 
|  61|0x0000000083d00000, 0x0000000083d7dcc0, 0x0000000083e00000| 49%| S|CS|TAMS 0x0000000083d00000, 0x0000000083d00000| Complete 
|  62|0x0000000083e00000, 0x0000000083f00000, 0x0000000083f00000|100%| S|CS|TAMS 0x0000000083e00000, 0x0000000083e00000| Complete 
|  63|0x0000000083f00000, 0x0000000083f00000, 0x0000000084000000|  0%| F|  |TAMS 0x0000000083f00000, 0x0000000083f00000| Untracked 
|  64|0x0000000084000000, 0x0000000084000000, 0x0000000084100000|  0%| F|  |TAMS 0x0000000084000000, 0x0000000084000000| Untracked 
|  65|0x0000000084100000, 0x0000000084100000, 0x0000000084200000|  0%| F|  |TAMS 0x0000000084100000, 0x0000000084100000| Untracked 
|  66|0x0000000084200000, 0x0000000084200000, 0x0000000084300000|  0%| F|  |TAMS 0x0000000084200000, 0x0000000084200000| Untracked 
|  67|0x0000000084300000, 0x0000000084300000, 0x0000000084400000|  0%| F|  |TAMS 0x0000000084300000, 0x0000000084300000| Untracked 
|  68|0x0000000084400000, 0x0000000084400000, 0x0000000084500000|  0%| F|  |TAMS 0x0000000084400000, 0x0000000084400000| Untracked 
|  69|0x0000000084500000, 0x0000000084500000, 0x0000000084600000|  0%| F|  |TAMS 0x0000000084500000, 0x0000000084500000| Untracked 
|  70|0x0000000084600000, 0x0000000084600000, 0x0000000084700000|  0%| F|  |TAMS 0x0000000084600000, 0x0000000084600000| Untracked 
|  71|0x0000000084700000, 0x0000000084700000, 0x0000000084800000|  0%| F|  |TAMS 0x0000000084700000, 0x0000000084700000| Untracked 
|  72|0x0000000084800000, 0x0000000084800000, 0x0000000084900000|  0%| F|  |TAMS 0x0000000084800000, 0x0000000084800000| Untracked 
|  73|0x0000000084900000, 0x0000000084900000, 0x0000000084a00000|  0%| F|  |TAMS 0x0000000084900000, 0x0000000084900000| Untracked 
|  74|0x0000000084a00000, 0x0000000084a00000, 0x0000000084b00000|  0%| F|  |TAMS 0x0000000084a00000, 0x0000000084a00000| Untracked 
|  75|0x0000000084b00000, 0x0000000084b00000, 0x0000000084c00000|  0%| F|  |TAMS 0x0000000084b00000, 0x0000000084b00000| Untracked 
|  76|0x0000000084c00000, 0x0000000084c00000, 0x0000000084d00000|  0%| F|  |TAMS 0x0000000084c00000, 0x0000000084c00000| Untracked 
|  77|0x0000000084d00000, 0x0000000084d00000, 0x0000000084e00000|  0%| F|  |TAMS 0x0000000084d00000, 0x0000000084d00000| Untracked 
|  78|0x0000000084e00000, 0x0000000084e00000, 0x0000000084f00000|  0%| F|  |TAMS 0x0000000084e00000, 0x0000000084e00000| Untracked 
|  79|0x0000000084f00000, 0x0000000084f00000, 0x0000000085000000|  0%| F|  |TAMS 0x0000000084f00000, 0x0000000084f00000| Untracked 
|  80|0x0000000085000000, 0x0000000085000000, 0x0000000085100000|  0%| F|  |TAMS 0x0000000085000000, 0x0000000085000000| Untracked 
|  81|0x0000000085100000, 0x0000000085100000, 0x0000000085200000|  0%| F|  |TAMS 0x0000000085100000, 0x0000000085100000| Untracked 
|  82|0x0000000085200000, 0x0000000085200000, 0x0000000085300000|  0%| F|  |TAMS 0x0000000085200000, 0x0000000085200000| Untracked 
|  83|0x0000000085300000, 0x0000000085300000, 0x0000000085400000|  0%| F|  |TAMS 0x0000000085300000, 0x0000000085300000| Untracked 
|  84|0x0000000085400000, 0x0000000085400000, 0x0000000085500000|  0%| F|  |TAMS 0x0000000085400000, 0x0000000085400000| Untracked 
|  85|0x0000000085500000, 0x0000000085500000, 0x0000000085600000|  0%| F|  |TAMS 0x0000000085500000, 0x0000000085500000| Untracked 
|  86|0x0000000085600000, 0x0000000085600000, 0x0000000085700000|  0%| F|  |TAMS 0x0000000085600000, 0x0000000085600000| Untracked 
|  87|0x0000000085700000, 0x0000000085700000, 0x0000000085800000|  0%| F|  |TAMS 0x0000000085700000, 0x0000000085700000| Untracked 
|  88|0x0000000085800000, 0x0000000085800000, 0x0000000085900000|  0%| F|  |TAMS 0x0000000085800000, 0x0000000085800000| Untracked 
|  89|0x0000000085900000, 0x0000000085a00000, 0x0000000085a00000|100%| E|  |TAMS 0x0000000085900000, 0x0000000085900000| Complete 
|  90|0x0000000085a00000, 0x0000000085b00000, 0x0000000085b00000|100%| E|CS|TAMS 0x0000000085a00000, 0x0000000085a00000| Complete 
|  91|0x0000000085b00000, 0x0000000085c00000, 0x0000000085c00000|100%| E|CS|TAMS 0x0000000085b00000, 0x0000000085b00000| Complete 
|  92|0x0000000085c00000, 0x0000000085d00000, 0x0000000085d00000|100%| E|CS|TAMS 0x0000000085c00000, 0x0000000085c00000| Complete 
|  93|0x0000000085d00000, 0x0000000085e00000, 0x0000000085e00000|100%| E|CS|TAMS 0x0000000085d00000, 0x0000000085d00000| Complete 
|  94|0x0000000085e00000, 0x0000000085f00000, 0x0000000085f00000|100%| E|CS|TAMS 0x0000000085e00000, 0x0000000085e00000| Complete 
|  95|0x0000000085f00000, 0x0000000086000000, 0x0000000086000000|100%| E|CS|TAMS 0x0000000085f00000, 0x0000000085f00000| Complete 

Card table byte_map: [0x0000022fb0f90000,0x0000022fb1390000] _byte_map_base: 0x0000022fb0b90000

Marking Bits (Prev, Next): (CMBitMap*) 0x0000022f9da9b480, (CMBitMap*) 0x0000022f9da9b448
 Prev Bits: [0x0000022fb3790000, 0x0000022fb5790000)
 Next Bits: [0x0000022fb1790000, 0x0000022fb3790000)

Polling page: 0x0000022f9c230000

Metaspace:

Usage:
  Non-class:     18.91 MB capacity,    18.52 MB ( 98%) used,   361.16 KB (  2%) free+waste,    37.06 KB ( <1%) overhead. 
      Class:      2.80 MB capacity,     2.64 MB ( 94%) used,   146.26 KB (  5%) free+waste,    18.31 KB ( <1%) overhead. 
       Both:     21.71 MB capacity,    21.16 MB ( 97%) used,   507.41 KB (  2%) free+waste,    55.38 KB ( <1%) overhead. 

Virtual space:
  Non-class space:       24.00 MB reserved,      19.17 MB ( 80%) committed 
      Class space:        1.00 GB reserved,       2.88 MB ( <1%) committed 
             Both:        1.02 GB reserved,      22.05 MB (  2%) committed 

Chunk freelists:
   Non-Class:  76.00 KB
       Class:  12.00 KB
        Both:  88.00 KB

MaxMetaspaceSize: 17179869184.00 GB
CompressedClassSpaceSize: 1.00 GB
Initial GC threshold: 20.80 MB
Current GC threshold: 34.87 MB
CDS: off

CodeHeap 'non-profiled nmethods': size=120064Kb used=1019Kb max_used=1019Kb free=119044Kb
 bounds [0x0000022fa9030000, 0x0000022fa92a0000, 0x0000022fb0570000]
CodeHeap 'profiled nmethods': size=120000Kb used=4239Kb max_used=4239Kb free=115760Kb
 bounds [0x0000022fa1b00000, 0x0000022fa1f30000, 0x0000022fa9030000]
CodeHeap 'non-nmethods': size=5696Kb used=1213Kb max_used=1229Kb free=4482Kb
 bounds [0x0000022fa1570000, 0x0000022fa17e0000, 0x0000022fa1b00000]
 total_blobs=2476 nmethods=1996 adapters=392
 compilation: enabled
              stopped_count=0, restarted_count=0
 full_count=0

Compilation events (20 events):
Event: 16.567 Thread 0x0000022fb7dd9800 1982       3       jdk.internal.reflect.ReflectionFactory::inflationThreshold (4 bytes)
Event: 16.567 Thread 0x0000022fb7dd9800 nmethod 1982 0x0000022fa1f19690 code [0x0000022fa1f19840, 0x0000022fa1f19938]
Event: 16.574 Thread 0x0000022fb7dd9800 1984       3       java.lang.invoke.DirectMethodHandle::preparedLambdaForm (31 bytes)
Event: 16.575 Thread 0x0000022fb7dd9800 nmethod 1984 0x0000022fa1f19990 code [0x0000022fa1f19b80, 0x0000022fa1f19da8]
Event: 16.586 Thread 0x0000022fb7dd9800 1985       3       sun.security.provider.MD5::FF (33 bytes)
Event: 16.586 Thread 0x0000022fb7dd9800 nmethod 1985 0x0000022fa1f19f10 code [0x0000022fa1f1a0c0, 0x0000022fa1f1a1d8]
Event: 16.586 Thread 0x0000022fb7dd9800 1986       3       sun.security.provider.MD5::GG (33 bytes)
Event: 16.587 Thread 0x0000022fb7dd9800 nmethod 1986 0x0000022fa1f1a290 code [0x0000022fa1f1a440, 0x0000022fa1f1a558]
Event: 16.587 Thread 0x0000022fb7dd9800 1988       3       sun.security.provider.MD5::II (31 bytes)
Event: 16.587 Thread 0x0000022fb7dd9800 nmethod 1988 0x0000022fa1f1a610 code [0x0000022fa1f1a7c0, 0x0000022fa1f1a8d8]
Event: 16.587 Thread 0x0000022fb7dd9800 1987       3       sun.security.provider.MD5::HH (29 bytes)
Event: 16.587 Thread 0x0000022fb7dd9800 nmethod 1987 0x0000022fa1f1a990 code [0x0000022fa1f1ab40, 0x0000022fa1f1ac58]
Event: 16.587 Thread 0x0000022fb7dd9800 1989       3       sun.reflect.generics.visitor.Reifier::visitClassTypeSignature (381 bytes)
Event: 16.591 Thread 0x0000022fb7dd9800 nmethod 1989 0x0000022fa1f1ad10 code [0x0000022fa1f1b1e0, 0x0000022fa1f1d558]
Event: 16.592 Thread 0x0000022fb7dd9800 1990       1       sun.reflect.annotation.AnnotationType::memberTypes (5 bytes)
Event: 16.592 Thread 0x0000022fb7dd9800 nmethod 1990 0x0000022fa912e390 code [0x0000022fa912e540, 0x0000022fa912e5f8]
Event: 16.592 Thread 0x0000022fb7dd9800 1991       1       sun.reflect.annotation.AnnotationType::memberDefaults (5 bytes)
Event: 16.592 Thread 0x0000022fb7dd9800 nmethod 1991 0x0000022fa912e690 code [0x0000022fa912e840, 0x0000022fa912e8f8]
Event: 16.592 Thread 0x0000022fb7dd9800 1993       3       java.lang.reflect.ProxyGenerator$ConstantPool::getMethodRef (33 bytes)
Event: 16.593 Thread 0x0000022fb7dd9800 nmethod 1993 0x0000022fa1f1e310 code [0x0000022fa1f1e5e0, 0x0000022fa1f1f248]

GC Heap History (10 events):
Event: 3.647 GC heap before
{Heap before GC invocations=0 (full 0):
 garbage-first heap   total 98304K, used 20480K [0x0000000080000000, 0x0000000100000000)
  region size 1024K, 14 young (14336K), 0 survivors (0K)
 Metaspace       used 6755K, capacity 6929K, committed 7168K, reserved 1056768K
  class space    used 582K, capacity 650K, committed 768K, reserved 1048576K
}
Event: 4.559 GC heap after
{Heap after GC invocations=1 (full 0):
 garbage-first heap   total 98304K, used 7874K [0x0000000080000000, 0x0000000100000000)
  region size 1024K, 2 young (2048K), 2 survivors (2048K)
 Metaspace       used 6755K, capacity 6929K, committed 7168K, reserved 1056768K
  class space    used 582K, capacity 650K, committed 768K, reserved 1048576K
}
Event: 6.738 GC heap before
{Heap before GC invocations=1 (full 0):
 garbage-first heap   total 98304K, used 19138K [0x0000000080000000, 0x0000000100000000)
  region size 1024K, 13 young (13312K), 2 survivors (2048K)
 Metaspace       used 10295K, capacity 10557K, committed 10624K, reserved 1058816K
  class space    used 1069K, capacity 1139K, committed 1152K, reserved 1048576K
}
Event: 6.746 GC heap after
{Heap after GC invocations=2 (full 0):
 garbage-first heap   total 98304K, used 9691K [0x0000000080000000, 0x0000000100000000)
  region size 1024K, 2 young (2048K), 2 survivors (2048K)
 Metaspace       used 10295K, capacity 10557K, committed 10624K, reserved 1058816K
  class space    used 1069K, capacity 1139K, committed 1152K, reserved 1048576K
}
Event: 9.098 GC heap before
{Heap before GC invocations=2 (full 0):
 garbage-first heap   total 98304K, used 37339K [0x0000000080000000, 0x0000000100000000)
  region size 1024K, 29 young (29696K), 2 survivors (2048K)
 Metaspace       used 11281K, capacity 11512K, committed 11776K, reserved 1060864K
  class space    used 1172K, capacity 1244K, committed 1280K, reserved 1048576K
}
Event: 9.107 GC heap after
{Heap after GC invocations=3 (full 0):
 garbage-first heap   total 98304K, used 12382K [0x0000000080000000, 0x0000000100000000)
  region size 1024K, 4 young (4096K), 4 survivors (4096K)
 Metaspace       used 11281K, capacity 11512K, committed 11776K, reserved 1060864K
  class space    used 1172K, capacity 1244K, committed 1280K, reserved 1048576K
}
Event: 14.125 GC heap before
{Heap before GC invocations=3 (full 0):
 garbage-first heap   total 98304K, used 51294K [0x0000000080000000, 0x0000000100000000)
  region size 1024K, 41 young (41984K), 4 survivors (4096K)
 Metaspace       used 17102K, capacity 17525K, committed 17792K, reserved 1064960K
  class space    used 1975K, capacity 2101K, committed 2176K, reserved 1048576K
}
Event: 14.135 GC heap after
{Heap after GC invocations=4 (full 0):
 garbage-first heap   total 98304K, used 16469K [0x0000000080000000, 0x0000000100000000)
  region size 1024K, 6 young (6144K), 6 survivors (6144K)
 Metaspace       used 17102K, capacity 17525K, committed 17792K, reserved 1064960K
  class space    used 1975K, capacity 2101K, committed 2176K, reserved 1048576K
}
Event: 16.246 GC heap before
{Heap before GC invocations=4 (full 0):
 garbage-first heap   total 98304K, used 48213K [0x0000000080000000, 0x0000000100000000)
  region size 1024K, 39 young (39936K), 6 survivors (6144K)
 Metaspace       used 20663K, capacity 21173K, committed 21296K, reserved 1069056K
  class space    used 2537K, capacity 2680K, committed 2688K, reserved 1048576K
}
Event: 16.259 GC heap after
{Heap after GC invocations=5 (full 0):
 garbage-first heap   total 98304K, used 17673K [0x0000000080000000, 0x0000000100000000)
  region size 1024K, 2 young (2048K), 2 survivors (2048K)
 Metaspace       used 20663K, capacity 21173K, committed 21296K, reserved 1069056K
  class space    used 2537K, capacity 2680K, committed 2688K, reserved 1048576K
}

Deoptimization events (20 events):
Event: 16.190 Thread 0x0000022fbacd3000 Uncommon trap: trap_request=0xffffff4d fr.pc=0x0000022fa904c530 relative=0x0000000000000a10
Event: 16.190 Thread 0x0000022fbacd3000 Uncommon trap: reason=unstable_if action=reinterpret pc=0x0000022fa904c530 method=java.io.WinNTFileSystem.resolve(Ljava/lang/String;Ljava/lang/String;)Ljava/lang/String; @ 19 c2
Event: 16.190 Thread 0x0000022fbacd3000 DEOPT PACKING pc=0x0000022fa904c530 sp=0x000000b812ffae50
Event: 16.190 Thread 0x0000022fbacd3000 DEOPT UNPACKING pc=0x0000022fa15ba1af sp=0x000000b812ffade8 mode 2
Event: 16.191 Thread 0x0000022fbacd3000 Uncommon trap: trap_request=0xffffffc6 fr.pc=0x0000022fa90b37a4 relative=0x0000000000000084
Event: 16.191 Thread 0x0000022fbacd3000 Uncommon trap: reason=bimorphic_or_optimized_type_check action=maybe_recompile pc=0x0000022fa90b37a4 method=java.util.AbstractList$Itr.hasNext()Z @ 8 c2
Event: 16.191 Thread 0x0000022fbacd3000 DEOPT PACKING pc=0x0000022fa90b37a4 sp=0x000000b812ffa420
Event: 16.191 Thread 0x0000022fbacd3000 DEOPT UNPACKING pc=0x0000022fa15ba1af sp=0x000000b812ffa3b8 mode 2
Event: 16.191 Thread 0x0000022fbacd3000 Uncommon trap: trap_request=0xffffffc6 fr.pc=0x0000022fa90b3b54 relative=0x0000000000000114
Event: 16.191 Thread 0x0000022fbacd3000 Uncommon trap: reason=bimorphic_or_optimized_type_check action=maybe_recompile pc=0x0000022fa90b3b54 method=java.util.AbstractList$Itr.next()Ljava/lang/Object; @ 14 c2
Event: 16.191 Thread 0x0000022fbacd3000 DEOPT PACKING pc=0x0000022fa90b3b54 sp=0x000000b812ffa410
Event: 16.191 Thread 0x0000022fbacd3000 DEOPT UNPACKING pc=0x0000022fa15ba1af sp=0x000000b812ffa3a8 mode 2
Event: 16.192 Thread 0x0000022fbacd3000 Uncommon trap: trap_request=0xffffff4d fr.pc=0x0000022fa90af778 relative=0x00000000000005b8
Event: 16.192 Thread 0x0000022fbacd3000 Uncommon trap: reason=unstable_if action=reinterpret pc=0x0000022fa90af778 method=java.io.File.getName()Ljava/lang/String; @ 16 c2
Event: 16.192 Thread 0x0000022fbacd3000 DEOPT PACKING pc=0x0000022fa90af778 sp=0x000000b812ffade0
Event: 16.192 Thread 0x0000022fbacd3000 DEOPT UNPACKING pc=0x0000022fa15ba1af sp=0x000000b812ffadb0 mode 2
Event: 16.192 Thread 0x0000022fbacd3000 Uncommon trap: trap_request=0xffffff4d fr.pc=0x0000022fa90aed90 relative=0x0000000000000450
Event: 16.192 Thread 0x0000022fbacd3000 Uncommon trap: reason=unstable_if action=reinterpret pc=0x0000022fa90aed90 method=java.lang.String.substring(I)Ljava/lang/String; @ 34 c2
Event: 16.192 Thread 0x0000022fbacd3000 DEOPT PACKING pc=0x0000022fa90aed90 sp=0x000000b812ffad60
Event: 16.192 Thread 0x0000022fbacd3000 DEOPT UNPACKING pc=0x0000022fa15ba1af sp=0x000000b812ffad38 mode 2

Classes redefined (0 events):
No events

Internal exceptions (20 events):
Event: 1.506 Thread 0x0000022f9da5b000 Exception <a 'java/lang/NoSuchMethodError'{0x0000000085c13b70}: 'int java.lang.invoke.DirectMethodHandle$Holder.invokeSpecialIFC(java.lang.Object, java.lang.Object, int)'> (0x0000000085c13b70) thrown at [./src/hotspot/share/interpreter/linkResolver.cpp, line 773]
Event: 4.738 Thread 0x0000022f9da5b000 Exception <a 'java/lang/NoClassDefFoundError'{0x0000000085fad5d0}: org/slf4j/impl/StaticMarkerBinder> (0x0000000085fad5d0) thrown at [./src/hotspot/share/classfile/systemDictionary.cpp, line 220]
Event: 5.603 Thread 0x0000022f9da5b000 Exception <a 'java/lang/NoSuchMethodError'{0x0000000085b449c0}: 'java.lang.Object java.lang.invoke.DirectMethodHandle$Holder.invokeVirtual(java.lang.Object, java.lang.Object, java.lang.Object, java.lang.Object, java.lang.Object, java.lang.Object, java.lang.Object)'> (0x0000000085b449c0) thrown at [./src/hotspot/share/interpreter/linkResolver.cpp, line 773]
Event: 5.616 Thread 0x0000022f9da5b000 Exception <a 'java/lang/NoSuchMethodError'{0x0000000085b58e70}: 'java.lang.Object java.lang.invoke.Invokers$Holder.invoker(java.lang.Object, java.lang.Object, java.lang.Object)'> (0x0000000085b58e70) thrown at [./src/hotspot/share/interpreter/linkResolver.cpp, line 773]
Event: 5.633 Thread 0x0000022f9da5b000 Exception <a 'java/lang/NoSuchMethodError'{0x0000000085b69ee8}: 'void java.lang.invoke.DelegatingMethodHandle$Holder.delegate(java.lang.Object, java.lang.Object, int, java.lang.Object)'> (0x0000000085b69ee8) thrown at [./src/hotspot/share/interpreter/linkResolver.cpp, line 773]
Event: 9.346 Thread 0x0000022f9da5b000 Exception <a 'java/security/PrivilegedActionException'{0x0000000085850340}> (0x0000000085850340) thrown at [./src/hotspot/share/prims/jvm.cpp, line 1306]
Event: 9.346 Thread 0x0000022f9da5b000 Exception <a 'java/security/PrivilegedActionException'{0x00000000858508b8}> (0x00000000858508b8) thrown at [./src/hotspot/share/prims/jvm.cpp, line 1306]
Event: 10.110 Thread 0x0000022f9da5b000 Exception <a 'java/lang/NoSuchMethodError'{0x0000000084709500}: 'java.lang.Object java.lang.invoke.DirectMethodHandle$Holder.invokeStaticInit(java.lang.Object, java.lang.Object, java.lang.Object)'> (0x0000000084709500) thrown at [./src/hotspot/share/interpreter/linkResolver.cpp, line 773]
Event: 10.421 Thread 0x0000022f9da5b000 Exception <a 'java/lang/NoSuchMethodError'{0x0000000083d3ea20}: 'java.lang.Object java.lang.invoke.DirectMethodHandle$Holder.invokeStaticInit(java.lang.Object, int, int, int, int)'> (0x0000000083d3ea20) thrown at [./src/hotspot/share/interpreter/linkResolver.cpp, line 773]
Event: 11.984 Thread 0x0000022f9da5b000 Exception <a 'java/lang/NoSuchMethodError'{0x0000000083d91b30}: 'java.lang.Object java.lang.invoke.DirectMethodHandle$Holder.invokeStaticInit(java.lang.Object, java.lang.Object, int, int, int, int)'> (0x0000000083d91b30) thrown at [./src/hotspot/share/interpreter/linkResolver.cpp, line 773]
Event: 13.991 Thread 0x0000022f9da5b000 Exception <a 'java/io/IOException'{0x0000000083bc8858}> (0x0000000083bc8858) thrown at [./src/hotspot/share/prims/jni.cpp, line 615]
Event: 14.180 Thread 0x0000022fbacd3000 Exception <a 'java/lang/NoSuchMethodError'{0x0000000085e4a358}: 'long java.lang.invoke.DirectMethodHandle$Holder.invokeInterface(java.lang.Object, java.lang.Object)'> (0x0000000085e4a358) thrown at [./src/hotspot/share/interpreter/linkResolver.cpp, line 773]
Event: 14.183 Thread 0x0000022fbacd3000 Exception <a 'java/lang/NoSuchMethodError'{0x0000000085e573f8}: 'void java.lang.invoke.DelegatingMethodHandle$Holder.reinvoke_L(java.lang.Object, java.lang.Object, java.lang.Object, java.lang.Object, java.lang.Object, java.lang.Object, java.lang.Object)'> (0x0000000085e573f8) thrown at [./src/hotspot/share/interpreter/linkResolver.cpp, line 773]
Event: 15.751 Thread 0x0000022fbacd3000 Exception <a 'java/lang/NoSuchMethodError'{0x000000008431d4b8}: 'void java.lang.invoke.DirectMethodHandle$Holder.invokeStaticInit(java.lang.Object)'> (0x000000008431d4b8) thrown at [./src/hotspot/share/interpreter/linkResolver.cpp, line 773]
Event: 15.844 Thread 0x0000022fbacd3000 Exception <a 'java/lang/NoSuchMethodError'{0x00000000843ca0e8}: 'java.lang.Object java.lang.invoke.DirectMethodHandle$Holder.invokeStatic(java.lang.Object, java.lang.Object, java.lang.Object, int)'> (0x00000000843ca0e8) thrown at [./src/hotspot/share/interpreter/linkResolver.cpp, line 773]
Event: 15.845 Thread 0x0000022fbacd3000 Exception <a 'java/lang/NoSuchMethodError'{0x00000000843ce800}: 'java.lang.Object java.lang.invoke.DirectMethodHandle$Holder.invokeSpecial(java.lang.Object, java.lang.Object, java.lang.Object, java.lang.Object, int)'> (0x00000000843ce800) thrown at [./src/hotspot/share/interpreter/linkResolver.cpp, line 773]
Event: 15.845 Thread 0x0000022fbacd3000 Exception <a 'java/lang/NoSuchMethodError'{0x00000000843d2738}: 'java.lang.Object java.lang.invoke.Invokers$Holder.linkToTargetMethod(java.lang.Object, java.lang.Object, int, java.lang.Object)'> (0x00000000843d2738) thrown at [./src/hotspot/share/interpreter/linkResolver.cpp, line 773]
Event: 16.467 Thread 0x0000022fbacd3000 Exception <a 'java/lang/NoSuchMethodError'{0x0000000085d922a8}: 'int java.lang.invoke.DirectMethodHandle$Holder.invokeSpecialIFC(java.lang.Object, java.lang.Object, java.lang.Object, java.lang.Object)'> (0x0000000085d922a8) thrown at [./src/hotspot/share/interpreter/linkResolver.cpp, line 773]
Event: 16.474 Thread 0x0000022fbacd3000 Exception <a 'java/lang/NoSuchMethodError'{0x0000000085da0260}: 'java.lang.Object java.lang.invoke.DirectMethodHandle$Holder.invokeInterface(java.lang.Object, java.lang.Object, java.lang.Object)'> (0x0000000085da0260) thrown at [./src/hotspot/share/interpreter/linkResolver.cpp, line 773]
Event: 16.474 Thread 0x0000022fbacd3000 Exception <a 'java/lang/IncompatibleClassChangeError'{0x0000000085da3738}: Found class java.lang.Object, but interface was expected> (0x0000000085da3738) thrown at [./src/hotspot/share/interpreter/linkResolver.cpp, line 839]

Events (20 events):
Event: 16.571 loading class org/gradle/internal/snapshot/FileSystemLocationSnapshot
Event: 16.571 loading class org/gradle/internal/snapshot/FileSystemLocationSnapshot done
Event: 16.572 loading class org/gradle/internal/snapshot/FileSystemLocationSnapshot
Event: 16.572 loading class org/gradle/internal/snapshot/FileSystemLocationSnapshot done
Event: 16.572 loading class org/gradle/internal/fingerprint/impl/EmptyCurrentFileCollectionFingerprint
Event: 16.572 loading class org/gradle/internal/fingerprint/impl/EmptyCurrentFileCollectionFingerprint done
Event: 16.574 loading class org/gradle/internal/hash/Hasher
Event: 16.574 loading class org/gradle/internal/hash/Hasher done
Event: 16.576 loading class org/gradle/internal/hash/Hasher
Event: 16.576 loading class org/gradle/internal/hash/Hasher done
Event: 16.576 loading class org/gradle/api/internal/changedetection/state/ResourceEntryFilter
Event: 16.576 loading class org/gradle/api/internal/changedetection/state/ResourceEntryFilter done
Event: 16.576 loading class org/gradle/internal/hash/Hasher
Event: 16.576 loading class org/gradle/internal/hash/Hasher done
Event: 16.587 loading class org/gradle/api/NonNullApi
Event: 16.587 loading class org/gradle/api/NonNullApi done
Event: 16.588 loading class javax/annotation/Nonnull
Event: 16.588 loading class javax/annotation/Nonnull done
Event: 16.589 loading class javax/annotation/meta/TypeQualifierDefault
Event: 16.589 loading class javax/annotation/meta/TypeQualifierDefault done


Dynamic libraries:
0x00007ff686370000 - 0x00007ff68637a000 	C:\Program Files\Android\Android Studio\jre\bin\java.exe
0x00007ffeb63d0000 - 0x00007ffeb65c8000 	C:\Windows\SYSTEM32\ntdll.dll
0x00007ffeb4570000 - 0x00007ffeb462d000 	C:\Windows\System32\KERNEL32.DLL
0x00007ffeb3b20000 - 0x00007ffeb3dee000 	C:\Windows\System32\KERNELBASE.dll
0x00007ffeb3ed0000 - 0x00007ffeb3fd0000 	C:\Windows\System32\ucrtbase.dll
0x00007ffea0da0000 - 0x00007ffea0db9000 	C:\Program Files\Android\Android Studio\jre\bin\jli.dll
0x00007ffeb4ff0000 - 0x00007ffeb5190000 	C:\Windows\System32\USER32.dll
0x00007ffeb3af0000 - 0x00007ffeb3b12000 	C:\Windows\System32\win32u.dll
0x00007ffeb6070000 - 0x00007ffeb609a000 	C:\Windows\System32\GDI32.dll
0x00007ffeb40e0000 - 0x00007ffeb41eb000 	C:\Windows\System32\gdi32full.dll
0x00007ffeb4040000 - 0x00007ffeb40dd000 	C:\Windows\System32\msvcp_win.dll
0x00007ffea0670000 - 0x00007ffea0687000 	C:\Program Files\Android\Android Studio\jre\bin\VCRUNTIME140.dll
0x00007ffea3430000 - 0x00007ffea36ca000 	C:\Windows\WinSxS\amd64_microsoft.windows.common-controls_6595b64144ccf1df_6.0.19041.1110_none_60b5254171f9507e\COMCTL32.dll
0x00007ffeb44d0000 - 0x00007ffeb456e000 	C:\Windows\System32\msvcrt.dll
0x00007ffeb4ee0000 - 0x00007ffeb4f10000 	C:\Windows\System32\IMM32.DLL
0x00007ffe98a00000 - 0x00007ffe98a9d000 	C:\Program Files\Android\Android Studio\jre\bin\msvcp140.dll
0x00007ffe881a0000 - 0x00007ffe88c85000 	C:\Program Files\Android\Android Studio\jre\bin\server\jvm.dll
0x00007ffeb5fc0000 - 0x00007ffeb606e000 	C:\Windows\System32\ADVAPI32.dll
0x00007ffeb4430000 - 0x00007ffeb44cc000 	C:\Windows\System32\sechost.dll
0x00007ffeb4d40000 - 0x00007ffeb4e65000 	C:\Windows\System32\RPCRT4.dll
0x00007ffeb5720000 - 0x00007ffeb5728000 	C:\Windows\System32\PSAPI.DLL
0x00007ffea31e0000 - 0x00007ffea3207000 	C:\Windows\SYSTEM32\WINMM.dll
0x00007ffea3f20000 - 0x00007ffea3f2a000 	C:\Windows\SYSTEM32\VERSION.dll
0x00007ffea0970000 - 0x00007ffea0979000 	C:\Windows\SYSTEM32\WSOCK32.dll
0x00007ffeb56b0000 - 0x00007ffeb571b000 	C:\Windows\System32\WS2_32.dll
0x00007ffeb19f0000 - 0x00007ffeb1a02000 	C:\Windows\SYSTEM32\kernel.appcore.dll
0x00007ffeb0890000 - 0x00007ffeb08a1000 	C:\Program Files\Android\Android Studio\jre\bin\verify.dll
0x00007ffea57c0000 - 0x00007ffea59a4000 	C:\Windows\SYSTEM32\DBGHELP.DLL
0x00007ffe97200000 - 0x00007ffe9722c000 	C:\Windows\SYSTEM32\dbgcore.DLL
0x00007ffeb3e40000 - 0x00007ffeb3ec2000 	C:\Windows\System32\bcryptPrimitives.dll
0x00007ffeaed40000 - 0x00007ffeaed69000 	C:\Program Files\Android\Android Studio\jre\bin\java.dll
0x00007ffeb0880000 - 0x00007ffeb088b000 	C:\Program Files\Android\Android Studio\jre\bin\jimage.dll
0x00007ffeb07a0000 - 0x00007ffeb07b8000 	C:\Program Files\Android\Android Studio\jre\bin\zip.dll
0x00007ffeb5730000 - 0x00007ffeb5e74000 	C:\Windows\System32\SHELL32.dll
0x00007ffeb1bf0000 - 0x00007ffeb2384000 	C:\Windows\SYSTEM32\windows.storage.dll
0x00007ffeb5190000 - 0x00007ffeb54e4000 	C:\Windows\System32\combase.dll
0x00007ffeb3550000 - 0x00007ffeb3580000 	C:\Windows\SYSTEM32\Wldp.dll
0x00007ffeb4c90000 - 0x00007ffeb4d3d000 	C:\Windows\System32\SHCORE.dll
0x00007ffeb60a0000 - 0x00007ffeb60f5000 	C:\Windows\System32\shlwapi.dll
0x00007ffeb3a30000 - 0x00007ffeb3a4f000 	C:\Windows\SYSTEM32\profapi.dll
0x00007ffeaf150000 - 0x00007ffeaf16a000 	C:\Program Files\Android\Android Studio\jre\bin\net.dll
0x00007ffea4c30000 - 0x00007ffea4d3a000 	C:\Windows\SYSTEM32\WINHTTP.dll
0x00007ffeb32b0000 - 0x00007ffeb331a000 	C:\Windows\system32\mswsock.dll
0x00007ffeaed00000 - 0x00007ffeaed14000 	C:\Program Files\Android\Android Studio\jre\bin\nio.dll
0x00007ffeae970000 - 0x00007ffeae997000 	C:\Users\Camilla\.gradle\native\e1d6ef7f7dcc3fd88c89a11ec53ec762bb8ba0a96d01ffa2cd45eb1d1d8dd5c5\windows-amd64\native-platform.dll
0x00007ffe8c610000 - 0x00007ffe8c754000 	C:\Users\Camilla\.gradle\native\5664cfc778a61ccfe75a443a1ab52a65af34e5dc3c78e0209fed803814484fcb\windows-amd64\native-platform-file-events.dll
0x00007ffeaf530000 - 0x00007ffeaf53a000 	C:\Program Files\Android\Android Studio\jre\bin\management.dll
0x00007ffeaed30000 - 0x00007ffeaed3d000 	C:\Program Files\Android\Android Studio\jre\bin\management_ext.dll
0x00007ffeb34a0000 - 0x00007ffeb34b8000 	C:\Windows\SYSTEM32\CRYPTSP.dll
0x00007ffeb2bc0000 - 0x00007ffeb2bf4000 	C:\Windows\system32\rsaenh.dll
0x00007ffeb41f0000 - 0x00007ffeb4217000 	C:\Windows\System32\bcrypt.dll
0x00007ffeb39f0000 - 0x00007ffeb3a1e000 	C:\Windows\SYSTEM32\USERENV.dll
0x00007ffeb34c0000 - 0x00007ffeb34cc000 	C:\Windows\SYSTEM32\CRYPTBASE.dll
0x00007ffeb2f50000 - 0x00007ffeb2f8b000 	C:\Windows\SYSTEM32\IPHLPAPI.DLL
0x00007ffeb4e70000 - 0x00007ffeb4e78000 	C:\Windows\System32\NSI.dll
0x00007ffeabb70000 - 0x00007ffeabb87000 	C:\Windows\SYSTEM32\dhcpcsvc6.DLL
0x00007ffeab870000 - 0x00007ffeab88d000 	C:\Windows\SYSTEM32\dhcpcsvc.DLL
0x00007ffeb2fa0000 - 0x00007ffeb306a000 	C:\Windows\SYSTEM32\DNSAPI.dll

dbghelp: loaded successfully - version: 4.0.5 - missing functions: none
symbol engine: initialized successfully - sym options: 0x614 - pdb path: .;C:\Program Files\Android\Android Studio\jre\bin;C:\Windows\SYSTEM32;C:\Windows\WinSxS\amd64_microsoft.windows.common-controls_6595b64144ccf1df_6.0.19041.1110_none_60b5254171f9507e;C:\Program Files\Android\Android Studio\jre\bin\server;C:\Users\Camilla\.gradle\native\e1d6ef7f7dcc3fd88c89a11ec53ec762bb8ba0a96d01ffa2cd45eb1d1d8dd5c5\windows-amd64;C:\Users\Camilla\.gradle\native\5664cfc778a61ccfe75a443a1ab52a65af34e5dc3c78e0209fed803814484fcb\windows-amd64

VM Arguments:
jvm_args: --add-opens=java.base/java.util=ALL-UNNAMED --add-opens=java.base/java.lang=ALL-UNNAMED --add-opens=java.base/java.lang.invoke=ALL-UNNAMED --add-opens=java.base/java.util=ALL-UNNAMED --add-opens=java.prefs/java.util.prefs=ALL-UNNAMED --add-opens=java.prefs/java.util.prefs=ALL-UNNAMED --add-opens=java.base/java.nio.charset=ALL-UNNAMED --add-opens=java.base/java.net=ALL-UNNAMED --add-opens=java.base/java.util.concurrent.atomic=ALL-UNNAMED -Xmx2048m -Dfile.encoding=UTF-8 -Duser.country=BR -Duser.language=pt -Duser.variant 
java_command: org.gradle.launcher.daemon.bootstrap.GradleDaemon 7.3.3
java_class_path (initial): C:\Users\Camilla\.gradle\wrapper\dists\gradle-7.3.3-bin\6a41zxkdtcxs8rphpq6y0069z\gradle-7.3.3\lib\gradle-launcher-7.3.3.jar
Launcher Type: SUN_STANDARD

[Global flags]
     intx CICompilerCount                          = 3                                         {product} {ergonomic}
     uint ConcGCThreads                            = 1                                         {product} {ergonomic}
     uint G1ConcRefinementThreads                  = 4                                         {product} {ergonomic}
   size_t G1HeapRegionSize                         = 1048576                                   {product} {ergonomic}
    uintx GCDrainStackTargetSize                   = 64                                        {product} {ergonomic}
   size_t InitialHeapSize                          = 100663296                                 {product} {ergonomic}
   size_t MarkStackSize                            = 4194304                                   {product} {ergonomic}
   size_t MaxHeapSize                              = 2147483648                                {product} {command line}
   size_t MaxNewSize                               = 1287651328                                {product} {ergonomic}
   size_t MinHeapDeltaBytes                        = 1048576                                   {product} {ergonomic}
    uintx NonNMethodCodeHeapSize                   = 5830732                                {pd product} {ergonomic}
    uintx NonProfiledCodeHeapSize                  = 122913754                              {pd product} {ergonomic}
    uintx ProfiledCodeHeapSize                     = 122913754                              {pd product} {ergonomic}
    uintx ReservedCodeCacheSize                    = 251658240                              {pd product} {ergonomic}
     bool SegmentedCodeCache                       = true                                      {product} {ergonomic}
     bool UseCompressedClassPointers               = true                                 {lp64_product} {ergonomic}
     bool UseCompressedOops                        = true                                 {lp64_product} {ergonomic}
     bool UseG1GC                                  = true                                      {product} {ergonomic}
     bool UseLargePagesIndividualAllocation        = false                                  {pd product} {ergonomic}

Logging:
Log output configuration:
 #0: stdout all=warning uptime,level,tags
 #1: stderr all=off uptime,level,tags

Environment Variables:
JAVA_HOME=C:\Users\Camilla\AppData\Local\Programs\Eclipse Adoptium\jdk-17.0.2.8-hotspot\
PATH=C:\Program Files (x86)\Common Files\Oracle\Java\javapath;C:\Windows\system32;C:\Windows;C:\Windows\System32\Wbem;C:\Windows\System32\WindowsPowerShell\v1.0\;C:\Windows\System32\OpenSSH\;C:\Program Files\Git\cmd;C:\Program Files\nodejs\;C:\Program Files\heroku\bin;C:\Workspace\apache-maven-3.8.6\bin;C:\Users\Camilla\AppData\Local\Programs\Eclipse Adoptium\jdk-17.0.2.8-hotspot\bin;C:\Users\Camilla\AppData\Local\Microsoft\WindowsApps;C:\xampp\php;C:\Users\Camilla\AppData\Roaming\npm;C:\Users\Camilla\AppData\Local\GitHubDesktop\bin;C:\Program Files\heroku\bin;C:\Users\Camilla\AppData\Local\Programs\Microsoft VS Code\bin
USERNAME=Camilla
OS=Windows_NT
PROCESSOR_IDENTIFIER=Intel64 Family 6 Model 69 Stepping 1, GenuineIntel



---------------  S Y S T E M  ---------------

OS: Windows 10 , 64 bit Build 19041 (10.0.19041.1889)
OS uptime: 3 days 6:33 hours

CPU:total 4 (initial active 4) (2 cores per cpu, 2 threads per core) family 6 model 69 stepping 1 microcode 0x25, cmov, cx8, fxsr, mmx, sse, sse2, sse3, ssse3, sse4.1, sse4.2, popcnt, avx, avx2, aes, clmul, erms, lzcnt, ht, tsc, tscinvbit, bmi1, bmi2, fma

Memory: 4k page, system-wide physical 6042M (169M free)
TotalPageFile size 10042M (AvailPageFile size 2M)
current process WorkingSet (physical memory assigned to process): 157M, peak: 158M
current process commit charge ("private bytes"): 227M, peak: 229M

vm_info: OpenJDK 64-Bit Server VM (11.0.12+7-b1504.28-7817840) for windows-amd64 JRE (11.0.12+7-b1504.28-7817840), built on Oct 13 2021 22:12:33 by "builder" with MS VC++ 14.0 (VS2015)

END.
