#
# There is insufficient memory for the Java Runtime Environment to continue.
# Native memory allocation (mmap) failed to map 52428800 bytes for Failed to commit area from 0x00000000a8f00000 to 0x00000000ac100000 of length 52428800.
# Possible reasons:
#   The system is out of physical RAM or swap space
#   The process is running with CompressedOops enabled, and the Java Heap may be blocking the growth of the native heap
# Possible solutions:
#   Reduce memory load on the system
#   Increase physical memory or swap space
#   Check if swap backing store is full
#   Decrease Java heap size (-Xmx/-Xms)
#   Decrease number of Java threads
#   Decrease Java thread stack sizes (-Xss)
#   Set larger code cache with -XX:ReservedCodeCacheSize=
#   JVM is running with Unscaled Compressed Oops mode in which the Java heap is
#     placed in the first 4GB address space. The Java Heap base address is the
#     maximum limit for the native heap growth. Please use -XX:HeapBaseMinAddress
#     to set the Java Heap base and to place the Java Heap above 4GB virtual address.
# This output file may be truncated or incomplete.
#
#  Out of Memory Error (./src/hotspot/os/windows/os_windows.cpp:3521), pid=9124, tid=1652
#
# JRE version: OpenJDK Runtime Environment (11.0.12+7) (build 11.0.12+7-b1504.28-7817840)
# Java VM: OpenJDK 64-Bit Server VM (11.0.12+7-b1504.28-7817840, mixed mode, tiered, compressed oops, g1 gc, windows-amd64)
# No core dump will be written. Minidumps are not enabled by default on client versions of Windows
#

---------------  S U M M A R Y ------------

Command Line: org.jetbrains.kotlin.cli.jvm.K2JVMCompiler @C:\Workspace\ProjetosKotlin\dice-roller-kotlin\app\build\20220814_17934976609598739477.compiler.options

Host: Intel(R) Core(TM) i5-4210U CPU @ 1.70GHz, 4 cores, 5G,  Windows 10 , 64 bit Build 19041 (10.0.19041.1889)
Time: Sun Aug 14 22:10:32 2022 Hora oficial do Brasil elapsed time: 8.839728 seconds (0d 0h 0m 8s)

---------------  T H R E A D  ---------------

Current thread (0x000001fd21608000):  VMThread "VM Thread" [stack: 0x0000009ff9700000,0x0000009ff9800000] [id=1652]

Stack: [0x0000009ff9700000,0x0000009ff9800000]
[error occurred during error reporting (printing stack bounds), id 0xc0000005, EXCEPTION_ACCESS_VIOLATION (0xc0000005) at pc=0x000001fd0c91112d]

Native frames: (J=compiled Java code, j=interpreted, Vv=VM code, C=native code)
V  [jvm.dll+0x5fbcea]
V  [jvm.dll+0x731905]
V  [jvm.dll+0x732f1d]
V  [jvm.dll+0x733535]
V  [jvm.dll+0x7334eb]
V  [jvm.dll+0x5fb080]
V  [jvm.dll+0x5fb818]
C  [ntdll.dll+0xa229f]
C  [ntdll.dll+0x51454]
C  [ntdll.dll+0xa0dce]
C  0x000001fd0c91112d

VM_Operation (0x0000009ff91fcda0): G1CollectForAllocation, mode: safepoint, requested by thread 0x000001fd08e0c800


---------------  P R O C E S S  ---------------

Threads class SMR info:
_java_thread_list=0x000001fd232e6980, length=10, elements={
0x000001fd08e0c800, 0x000001fd2162c000, 0x000001fd21630000, 0x000001fd2164e000,
0x000001fd21650000, 0x000001fd21654000, 0x000001fd2165b000, 0x000001fd2165c800,
0x000001fd2165e000, 0x000001fd22126800
}

Java Threads: ( => current thread )
  0x000001fd08e0c800 JavaThread "main" [_thread_blocked, id=4484, stack(0x0000009ff9100000,0x0000009ff9200000)]
  0x000001fd2162c000 JavaThread "Reference Handler" daemon [_thread_blocked, id=7096, stack(0x0000009ff9800000,0x0000009ff9900000)]
  0x000001fd21630000 JavaThread "Finalizer" daemon [_thread_blocked, id=2872, stack(0x0000009ff9900000,0x0000009ff9a00000)]
  0x000001fd2164e000 JavaThread "Signal Dispatcher" daemon [_thread_blocked, id=9004, stack(0x0000009ff9a00000,0x0000009ff9b00000)]
  0x000001fd21650000 JavaThread "Attach Listener" daemon [_thread_blocked, id=2316, stack(0x0000009ff9b00000,0x0000009ff9c00000)]
  0x000001fd21654000 JavaThread "Service Thread" daemon [_thread_blocked, id=7708, stack(0x0000009ff9c00000,0x0000009ff9d00000)]
  0x000001fd2165b000 JavaThread "C2 CompilerThread0" daemon [_thread_blocked, id=5224, stack(0x0000009ff9d00000,0x0000009ff9e00000)]
  0x000001fd2165c800 JavaThread "C1 CompilerThread0" daemon [_thread_blocked, id=12012, stack(0x0000009ff9e00000,0x0000009ff9f00000)]
  0x000001fd2165e000 JavaThread "Sweeper thread" daemon [_thread_blocked, id=2684, stack(0x0000009ff9f00000,0x0000009ffa000000)]
  0x000001fd22126800 JavaThread "Common-Cleaner" daemon [_thread_blocked, id=10780, stack(0x0000009ffa100000,0x0000009ffa200000)]

Other Threads:
=>0x000001fd21608000 VMThread "VM Thread" [stack: 0x0000009ff9700000,0x0000009ff9800000] [id=1652]
  0x000001fd2211e000 WatcherThread [stack: 0x0000009ffa000000,0x0000009ffa100000] [id=7700]
  0x000001fd08e25000 GCTaskThread "GC Thread#0" [stack: 0x0000009ff9200000,0x0000009ff9300000] [id=6240]
  0x000001fd225dc800 GCTaskThread "GC Thread#1" [stack: 0x0000009ffa300000,0x0000009ffa400000] [id=13028]
  0x000001fd08e4a800 ConcurrentGCThread "G1 Main Marker" [stack: 0x0000009ff9300000,0x0000009ff9400000] [id=4048]
  0x000001fd08e4d800 ConcurrentGCThread "G1 Conc#0" [stack: 0x0000009ff9400000,0x0000009ff9500000] [id=10900]
  0x000001fd08ebe000 ConcurrentGCThread "G1 Refine#0" [stack: 0x0000009ff9500000,0x0000009ff9600000] [id=9660]
  0x000001fd08ebf000 ConcurrentGCThread "G1 Young RemSet Sampling" [stack: 0x0000009ff9600000,0x0000009ff9700000] [id=12816]

Threads with active compile tasks:
C2 CompilerThread0   8856 6533       4       jdk.internal.loader.BuiltinClassLoader::loadClass (22 bytes)
C1 CompilerThread0   8856 6553       3       org.jetbrains.kotlin.ir.expressions.IrBlockBody::accept (15 bytes)

VM state:at safepoint (normal execution)

VM Mutex/Monitor currently owned by a thread:  ([mutex/lock_event])
[0x000001fd08e08b50] Threads_lock - owner thread: 0x000001fd21608000
[0x000001fd08e08520] Heap_lock - owner thread: 0x000001fd08e0c800

Heap address: 0x00000000a1800000, size: 1512 MB, Compressed Oops mode: 32-bit
Narrow klass base: 0x0000000000000000, Narrow klass shift: 3
Compressed class space size: 1073741824 Address: 0x0000000100000000

Heap:
 garbage-first heap   total 173056K, used 49664K [0x00000000a1800000, 0x0000000100000000)
  region size 1024K, 4 young (4096K), 4 survivors (4096K)
 Metaspace       used 65751K, capacity 66367K, committed 66588K, reserved 1107968K
  class space    used 7439K, capacity 7681K, committed 7804K, reserved 1048576K
Heap Regions: E=young(eden), S=young(survivor), O=old, HS=humongous(starts), HC=humongous(continues), CS=collection set, F=free, A=archive, TAMS=top-at-mark-start (previous, next)
|   0|0x00000000a1800000, 0x00000000a1900000, 0x00000000a1900000|100%|HS|  |TAMS 0x00000000a1900000, 0x00000000a1800000| Complete 
|   1|0x00000000a1900000, 0x00000000a1a00000, 0x00000000a1a00000|100%|HC|  |TAMS 0x00000000a1a00000, 0x00000000a1900000| Complete 
|   2|0x00000000a1a00000, 0x00000000a1b00000, 0x00000000a1b00000|100%|HC|  |TAMS 0x00000000a1b00000, 0x00000000a1a00000| Complete 
|   3|0x00000000a1b00000, 0x00000000a1c00000, 0x00000000a1c00000|100%| O|  |TAMS 0x00000000a1c00000, 0x00000000a1b00000| Untracked 
|   4|0x00000000a1c00000, 0x00000000a1d00000, 0x00000000a1d00000|100%| O|  |TAMS 0x00000000a1d00000, 0x00000000a1c00000| Untracked 
|   5|0x00000000a1d00000, 0x00000000a1e00000, 0x00000000a1e00000|100%|HS|  |TAMS 0x00000000a1e00000, 0x00000000a1d00000| Complete 
|   6|0x00000000a1e00000, 0x00000000a1f00000, 0x00000000a1f00000|100%|HC|  |TAMS 0x00000000a1f00000, 0x00000000a1e00000| Complete 
|   7|0x00000000a1f00000, 0x00000000a2000000, 0x00000000a2000000|100%|HC|  |TAMS 0x00000000a2000000, 0x00000000a1f00000| Complete 
|   8|0x00000000a2000000, 0x00000000a2100000, 0x00000000a2100000|100%|HS|  |TAMS 0x00000000a2100000, 0x00000000a2000000| Complete 
|   9|0x00000000a2100000, 0x00000000a2200000, 0x00000000a2200000|100%|HC|  |TAMS 0x00000000a2200000, 0x00000000a2100000| Complete 
|  10|0x00000000a2200000, 0x00000000a2300000, 0x00000000a2300000|100%| O|  |TAMS 0x00000000a2300000, 0x00000000a2200000| Untracked 
|  11|0x00000000a2300000, 0x00000000a2400000, 0x00000000a2400000|100%| O|  |TAMS 0x00000000a2400000, 0x00000000a2300000| Untracked 
|  12|0x00000000a2400000, 0x00000000a2500000, 0x00000000a2500000|100%| O|  |TAMS 0x00000000a2500000, 0x00000000a2400000| Untracked 
|  13|0x00000000a2500000, 0x00000000a2600000, 0x00000000a2600000|100%| O|  |TAMS 0x00000000a2600000, 0x00000000a2500000| Untracked 
|  14|0x00000000a2600000, 0x00000000a2700000, 0x00000000a2700000|100%| O|  |TAMS 0x00000000a2700000, 0x00000000a2600000| Untracked 
|  15|0x00000000a2700000, 0x00000000a2800000, 0x00000000a2800000|100%| O|  |TAMS 0x00000000a2800000, 0x00000000a2700000| Untracked 
|  16|0x00000000a2800000, 0x00000000a2900000, 0x00000000a2900000|100%| O|  |TAMS 0x00000000a2900000, 0x00000000a2800000| Untracked 
|  17|0x00000000a2900000, 0x00000000a2a00000, 0x00000000a2a00000|100%| O|  |TAMS 0x00000000a2a00000, 0x00000000a2900000| Untracked 
|  18|0x00000000a2a00000, 0x00000000a2b00000, 0x00000000a2b00000|100%| O|  |TAMS 0x00000000a2b00000, 0x00000000a2a00000| Untracked 
|  19|0x00000000a2b00000, 0x00000000a2c00000, 0x00000000a2c00000|100%| O|  |TAMS 0x00000000a2c00000, 0x00000000a2b00000| Untracked 
|  20|0x00000000a2c00000, 0x00000000a2d00000, 0x00000000a2d00000|100%| O|  |TAMS 0x00000000a2c62800, 0x00000000a2c00000| Untracked 
|  21|0x00000000a2d00000, 0x00000000a2e00000, 0x00000000a2e00000|100%| O|  |TAMS 0x00000000a2d00000, 0x00000000a2d00000| Untracked 
|  22|0x00000000a2e00000, 0x00000000a2f00000, 0x00000000a2f00000|100%| O|  |TAMS 0x00000000a2e00000, 0x00000000a2e00000| Untracked 
|  23|0x00000000a2f00000, 0x00000000a3000000, 0x00000000a3000000|100%| O|  |TAMS 0x00000000a2f00000, 0x00000000a2f00000| Untracked 
|  24|0x00000000a3000000, 0x00000000a3100000, 0x00000000a3100000|100%| O|  |TAMS 0x00000000a3000000, 0x00000000a3000000| Untracked 
|  25|0x00000000a3100000, 0x00000000a3200000, 0x00000000a3200000|100%| O|  |TAMS 0x00000000a3100000, 0x00000000a3100000| Untracked 
|  26|0x00000000a3200000, 0x00000000a3300000, 0x00000000a3300000|100%| O|  |TAMS 0x00000000a3200000, 0x00000000a3200000| Untracked 
|  27|0x00000000a3300000, 0x00000000a3400000, 0x00000000a3400000|100%| O|  |TAMS 0x00000000a3300000, 0x00000000a3300000| Untracked 
|  28|0x00000000a3400000, 0x00000000a3500000, 0x00000000a3500000|100%| O|  |TAMS 0x00000000a3400000, 0x00000000a3400000| Untracked 
|  29|0x00000000a3500000, 0x00000000a3600000, 0x00000000a3600000|100%| O|  |TAMS 0x00000000a3500000, 0x00000000a3500000| Untracked 
|  30|0x00000000a3600000, 0x00000000a3700000, 0x00000000a3700000|100%| O|  |TAMS 0x00000000a3600000, 0x00000000a3600000| Untracked 
|  31|0x00000000a3700000, 0x00000000a3800000, 0x00000000a3800000|100%| O|  |TAMS 0x00000000a3700000, 0x00000000a3700000| Untracked 
|  32|0x00000000a3800000, 0x00000000a3900000, 0x00000000a3900000|100%| O|  |TAMS 0x00000000a3800000, 0x00000000a3800000| Untracked 
|  33|0x00000000a3900000, 0x00000000a3a00000, 0x00000000a3a00000|100%| O|  |TAMS 0x00000000a3900000, 0x00000000a3900000| Untracked 
|  34|0x00000000a3a00000, 0x00000000a3b00000, 0x00000000a3b00000|100%| O|  |TAMS 0x00000000a3a00000, 0x00000000a3a00000| Untracked 
|  35|0x00000000a3b00000, 0x00000000a3c00000, 0x00000000a3c00000|100%| O|  |TAMS 0x00000000a3b00000, 0x00000000a3b00000| Untracked 
|  36|0x00000000a3c00000, 0x00000000a3d00000, 0x00000000a3d00000|100%| O|  |TAMS 0x00000000a3c00000, 0x00000000a3c00000| Untracked 
|  37|0x00000000a3d00000, 0x00000000a3e00000, 0x00000000a3e00000|100%| O|  |TAMS 0x00000000a3d00000, 0x00000000a3d00000| Untracked 
|  38|0x00000000a3e00000, 0x00000000a3f00000, 0x00000000a3f00000|100%| O|  |TAMS 0x00000000a3e00000, 0x00000000a3e00000| Untracked 
|  39|0x00000000a3f00000, 0x00000000a4000000, 0x00000000a4000000|100%| O|  |TAMS 0x00000000a3f00000, 0x00000000a3f00000| Untracked 
|  40|0x00000000a4000000, 0x00000000a4100000, 0x00000000a4100000|100%| O|  |TAMS 0x00000000a4000000, 0x00000000a4000000| Untracked 
|  41|0x00000000a4100000, 0x00000000a4200000, 0x00000000a4200000|100%| O|  |TAMS 0x00000000a4100000, 0x00000000a4100000| Untracked 
|  42|0x00000000a4200000, 0x00000000a4300000, 0x00000000a4300000|100%| O|  |TAMS 0x00000000a4200000, 0x00000000a4200000| Untracked 
|  43|0x00000000a4300000, 0x00000000a4400000, 0x00000000a4400000|100%| O|  |TAMS 0x00000000a4300000, 0x00000000a4300000| Untracked 
|  44|0x00000000a4400000, 0x00000000a4480000, 0x00000000a4500000| 50%| O|  |TAMS 0x00000000a4400000, 0x00000000a4400000| Untracked 
|  45|0x00000000a4500000, 0x00000000a4500000, 0x00000000a4600000|  0%| F|  |TAMS 0x00000000a4500000, 0x00000000a4500000| Untracked 
|  46|0x00000000a4600000, 0x00000000a4600000, 0x00000000a4700000|  0%| F|  |TAMS 0x00000000a4600000, 0x00000000a4600000| Untracked 
|  47|0x00000000a4700000, 0x00000000a4700000, 0x00000000a4800000|  0%| F|  |TAMS 0x00000000a4700000, 0x00000000a4700000| Untracked 
|  48|0x00000000a4800000, 0x00000000a4800000, 0x00000000a4900000|  0%| F|  |TAMS 0x00000000a4800000, 0x00000000a4800000| Untracked 
|  49|0x00000000a4900000, 0x00000000a4900000, 0x00000000a4a00000|  0%| F|  |TAMS 0x00000000a4900000, 0x00000000a4900000| Untracked 
|  50|0x00000000a4a00000, 0x00000000a4a00000, 0x00000000a4b00000|  0%| F|  |TAMS 0x00000000a4a00000, 0x00000000a4a00000| Untracked 
|  51|0x00000000a4b00000, 0x00000000a4b00000, 0x00000000a4c00000|  0%| F|  |TAMS 0x00000000a4b00000, 0x00000000a4b00000| Untracked 
|  52|0x00000000a4c00000, 0x00000000a4c00000, 0x00000000a4d00000|  0%| F|  |TAMS 0x00000000a4c00000, 0x00000000a4c00000| Untracked 
|  53|0x00000000a4d00000, 0x00000000a4d00000, 0x00000000a4e00000|  0%| F|  |TAMS 0x00000000a4d00000, 0x00000000a4d00000| Untracked 
|  54|0x00000000a4e00000, 0x00000000a4e00000, 0x00000000a4f00000|  0%| F|  |TAMS 0x00000000a4e00000, 0x00000000a4e00000| Untracked 
|  55|0x00000000a4f00000, 0x00000000a4f00000, 0x00000000a5000000|  0%| F|  |TAMS 0x00000000a4f00000, 0x00000000a4f00000| Untracked 
|  56|0x00000000a5000000, 0x00000000a5000000, 0x00000000a5100000|  0%| F|  |TAMS 0x00000000a5000000, 0x00000000a5000000| Untracked 
|  57|0x00000000a5100000, 0x00000000a5100000, 0x00000000a5200000|  0%| F|  |TAMS 0x00000000a5100000, 0x00000000a5100000| Untracked 
|  58|0x00000000a5200000, 0x00000000a5200000, 0x00000000a5300000|  0%| F|  |TAMS 0x00000000a5200000, 0x00000000a5200000| Untracked 
|  59|0x00000000a5300000, 0x00000000a5300000, 0x00000000a5400000|  0%| F|  |TAMS 0x00000000a5300000, 0x00000000a5300000| Untracked 
|  60|0x00000000a5400000, 0x00000000a5400000, 0x00000000a5500000|  0%| F|  |TAMS 0x00000000a5400000, 0x00000000a5400000| Untracked 
|  61|0x00000000a5500000, 0x00000000a5500000, 0x00000000a5600000|  0%| F|  |TAMS 0x00000000a5500000, 0x00000000a5500000| Untracked 
|  62|0x00000000a5600000, 0x00000000a5600000, 0x00000000a5700000|  0%| F|  |TAMS 0x00000000a5600000, 0x00000000a5600000| Untracked 
|  63|0x00000000a5700000, 0x00000000a5700000, 0x00000000a5800000|  0%| F|  |TAMS 0x00000000a5700000, 0x00000000a5700000| Untracked 
|  64|0x00000000a5800000, 0x00000000a5800000, 0x00000000a5900000|  0%| F|  |TAMS 0x00000000a5800000, 0x00000000a5800000| Untracked 
|  65|0x00000000a5900000, 0x00000000a5a00000, 0x00000000a5a00000|100%| S|CS|TAMS 0x00000000a5900000, 0x00000000a5900000| Complete 
|  66|0x00000000a5a00000, 0x00000000a5b00000, 0x00000000a5b00000|100%| S|CS|TAMS 0x00000000a5a00000, 0x00000000a5a00000| Complete 
|  67|0x00000000a5b00000, 0x00000000a5b00000, 0x00000000a5c00000|  0%| F|  |TAMS 0x00000000a5b00000, 0x00000000a5b00000| Untracked 
|  68|0x00000000a5c00000, 0x00000000a5c00000, 0x00000000a5d00000|  0%| F|  |TAMS 0x00000000a5c00000, 0x00000000a5c00000| Untracked 
|  69|0x00000000a5d00000, 0x00000000a5d00000, 0x00000000a5e00000|  0%| F|  |TAMS 0x00000000a5d00000, 0x00000000a5d00000| Untracked 
|  70|0x00000000a5e00000, 0x00000000a5e00000, 0x00000000a5f00000|  0%| F|  |TAMS 0x00000000a5e00000, 0x00000000a5e00000| Untracked 
|  71|0x00000000a5f00000, 0x00000000a5f00000, 0x00000000a6000000|  0%| F|  |TAMS 0x00000000a5f00000, 0x00000000a5f00000| Untracked 
|  72|0x00000000a6000000, 0x00000000a6000000, 0x00000000a6100000|  0%| F|  |TAMS 0x00000000a6000000, 0x00000000a6000000| Untracked 
|  73|0x00000000a6100000, 0x00000000a6200000, 0x00000000a6200000|100%| S|CS|TAMS 0x00000000a6100000, 0x00000000a6100000| Complete 
|  74|0x00000000a6200000, 0x00000000a6300000, 0x00000000a6300000|100%| S|CS|TAMS 0x00000000a6200000, 0x00000000a6200000| Complete 
|  75|0x00000000a6300000, 0x00000000a6300000, 0x00000000a6400000|  0%| F|  |TAMS 0x00000000a6300000, 0x00000000a6300000| Untracked 
|  76|0x00000000a6400000, 0x00000000a6400000, 0x00000000a6500000|  0%| F|  |TAMS 0x00000000a6400000, 0x00000000a6400000| Untracked 
|  77|0x00000000a6500000, 0x00000000a6500000, 0x00000000a6600000|  0%| F|  |TAMS 0x00000000a6500000, 0x00000000a6500000| Untracked 
|  78|0x00000000a6600000, 0x00000000a6600000, 0x00000000a6700000|  0%| F|  |TAMS 0x00000000a6600000, 0x00000000a6600000| Untracked 
|  79|0x00000000a6700000, 0x00000000a6700000, 0x00000000a6800000|  0%| F|  |TAMS 0x00000000a6700000, 0x00000000a6700000| Untracked 
|  80|0x00000000a6800000, 0x00000000a6800000, 0x00000000a6900000|  0%| F|  |TAMS 0x00000000a6800000, 0x00000000a6800000| Untracked 
|  81|0x00000000a6900000, 0x00000000a6900000, 0x00000000a6a00000|  0%| F|  |TAMS 0x00000000a6900000, 0x00000000a6900000| Untracked 
|  82|0x00000000a6a00000, 0x00000000a6a00000, 0x00000000a6b00000|  0%| F|  |TAMS 0x00000000a6a00000, 0x00000000a6a00000| Untracked 
|  83|0x00000000a6b00000, 0x00000000a6b00000, 0x00000000a6c00000|  0%| F|  |TAMS 0x00000000a6b00000, 0x00000000a6b00000| Untracked 
|  84|0x00000000a6c00000, 0x00000000a6c00000, 0x00000000a6d00000|  0%| F|  |TAMS 0x00000000a6c00000, 0x00000000a6c00000| Untracked 
|  85|0x00000000a6d00000, 0x00000000a6d00000, 0x00000000a6e00000|  0%| F|  |TAMS 0x00000000a6d00000, 0x00000000a6d00000| Untracked 
|  86|0x00000000a6e00000, 0x00000000a6e00000, 0x00000000a6f00000|  0%| F|  |TAMS 0x00000000a6e00000, 0x00000000a6e00000| Untracked 
|  87|0x00000000a6f00000, 0x00000000a6f00000, 0x00000000a7000000|  0%| F|  |TAMS 0x00000000a6f00000, 0x00000000a6f00000| Untracked 
|  88|0x00000000a7000000, 0x00000000a7000000, 0x00000000a7100000|  0%| F|  |TAMS 0x00000000a7000000, 0x00000000a7000000| Untracked 
|  89|0x00000000a7100000, 0x00000000a7100000, 0x00000000a7200000|  0%| F|  |TAMS 0x00000000a7100000, 0x00000000a7100000| Untracked 
|  90|0x00000000a7200000, 0x00000000a7200000, 0x00000000a7300000|  0%| F|  |TAMS 0x00000000a7200000, 0x00000000a7200000| Untracked 
|  91|0x00000000a7300000, 0x00000000a7300000, 0x00000000a7400000|  0%| F|  |TAMS 0x00000000a7300000, 0x00000000a7300000| Untracked 
|  92|0x00000000a7400000, 0x00000000a7400000, 0x00000000a7500000|  0%| F|  |TAMS 0x00000000a7400000, 0x00000000a7400000| Untracked 
|  93|0x00000000a7500000, 0x00000000a7500000, 0x00000000a7600000|  0%| F|  |TAMS 0x00000000a7500000, 0x00000000a7500000| Untracked 
|  94|0x00000000a7600000, 0x00000000a7600000, 0x00000000a7700000|  0%| F|  |TAMS 0x00000000a7600000, 0x00000000a7600000| Untracked 
|  95|0x00000000a7700000, 0x00000000a7700000, 0x00000000a7800000|  0%| F|  |TAMS 0x00000000a7700000, 0x00000000a7700000| Untracked 
|  96|0x00000000a7800000, 0x00000000a7800000, 0x00000000a7900000|  0%| F|  |TAMS 0x00000000a7800000, 0x00000000a7800000| Untracked 
|  97|0x00000000a7900000, 0x00000000a7900000, 0x00000000a7a00000|  0%| F|  |TAMS 0x00000000a7900000, 0x00000000a7900000| Untracked 
|  98|0x00000000a7a00000, 0x00000000a7a00000, 0x00000000a7b00000|  0%| F|  |TAMS 0x00000000a7a00000, 0x00000000a7a00000| Untracked 
|  99|0x00000000a7b00000, 0x00000000a7b00000, 0x00000000a7c00000|  0%| F|  |TAMS 0x00000000a7b00000, 0x00000000a7b00000| Untracked 
| 100|0x00000000a7c00000, 0x00000000a7c00000, 0x00000000a7d00000|  0%| F|  |TAMS 0x00000000a7c00000, 0x00000000a7c00000| Untracked 
| 101|0x00000000a7d00000, 0x00000000a7d00000, 0x00000000a7e00000|  0%| F|  |TAMS 0x00000000a7d00000, 0x00000000a7d00000| Untracked 
| 102|0x00000000a7e00000, 0x00000000a7e00000, 0x00000000a7f00000|  0%| F|  |TAMS 0x00000000a7e00000, 0x00000000a7e00000| Untracked 
| 103|0x00000000a7f00000, 0x00000000a7f00000, 0x00000000a8000000|  0%| F|  |TAMS 0x00000000a7f00000, 0x00000000a7f00000| Untracked 
| 104|0x00000000a8000000, 0x00000000a8000000, 0x00000000a8100000|  0%| F|  |TAMS 0x00000000a8000000, 0x00000000a8000000| Untracked 
| 105|0x00000000a8100000, 0x00000000a8100000, 0x00000000a8200000|  0%| F|  |TAMS 0x00000000a8100000, 0x00000000a8100000| Untracked 
| 106|0x00000000a8200000, 0x00000000a8200000, 0x00000000a8300000|  0%| F|  |TAMS 0x00000000a8200000, 0x00000000a8200000| Untracked 
| 107|0x00000000a8300000, 0x00000000a8300000, 0x00000000a8400000|  0%| F|  |TAMS 0x00000000a8300000, 0x00000000a8300000| Untracked 
| 108|0x00000000a8400000, 0x00000000a8400000, 0x00000000a8500000|  0%| F|  |TAMS 0x00000000a8400000, 0x00000000a8400000| Untracked 
| 109|0x00000000a8500000, 0x00000000a8500000, 0x00000000a8600000|  0%| F|  |TAMS 0x00000000a8500000, 0x00000000a8500000| Untracked 
| 110|0x00000000a8600000, 0x00000000a8600000, 0x00000000a8700000|  0%| F|  |TAMS 0x00000000a8600000, 0x00000000a8600000| Untracked 
| 111|0x00000000a8700000, 0x00000000a8700000, 0x00000000a8800000|  0%| F|  |TAMS 0x00000000a8700000, 0x00000000a8700000| Untracked 
| 112|0x00000000a8800000, 0x00000000a8800000, 0x00000000a8900000|  0%| F|  |TAMS 0x00000000a8800000, 0x00000000a8800000| Untracked 
| 113|0x00000000a8900000, 0x00000000a8900000, 0x00000000a8a00000|  0%| F|  |TAMS 0x00000000a8900000, 0x00000000a8900000| Untracked 
| 114|0x00000000a8a00000, 0x00000000a8a00000, 0x00000000a8b00000|  0%| F|  |TAMS 0x00000000a8a00000, 0x00000000a8a00000| Untracked 
| 115|0x00000000a8b00000, 0x00000000a8b00000, 0x00000000a8c00000|  0%| F|  |TAMS 0x00000000a8b00000, 0x00000000a8b00000| Untracked 
| 116|0x00000000a8c00000, 0x00000000a8c00000, 0x00000000a8d00000|  0%| F|  |TAMS 0x00000000a8c00000, 0x00000000a8c00000| Untracked 
| 117|0x00000000a8d00000, 0x00000000a8d00000, 0x00000000a8e00000|  0%| F|  |TAMS 0x00000000a8d00000, 0x00000000a8d00000| Untracked 
| 118|0x00000000a8e00000, 0x00000000a8e00000, 0x00000000a8f00000|  0%| F|  |TAMS 0x00000000a8e00000, 0x00000000a8e00000| Untracked 

Card table byte_map: [0x000001fd1bc10000,0x000001fd1bf10000] _byte_map_base: 0x000001fd1b704000

Marking Bits (Prev, Next): (CMBitMap*) 0x000001fd08e438e0, (CMBitMap*) 0x000001fd08e438a8
 Prev Bits: [0x000001fd1d9b0000, 0x000001fd1f150000)
 Next Bits: [0x000001fd1c210000, 0x000001fd1d9b0000)

Polling page: 0x000001fd085e0000

Metaspace:

Usage:
  Non-class:     57.31 MB capacity,    56.95 MB (>99%) used,   280.41 KB ( <1%) free+waste,    93.25 KB ( <1%) overhead. 
      Class:      7.50 MB capacity,     7.26 MB ( 97%) used,   203.07 KB (  3%) free+waste,    38.81 KB ( <1%) overhead. 
       Both:     64.81 MB capacity,    64.21 MB (>99%) used,   483.48 KB ( <1%) free+waste,   132.06 KB ( <1%) overhead. 

Virtual space:
  Non-class space:       58.00 MB reserved,      57.41 MB ( 99%) committed 
      Class space:        1.00 GB reserved,       7.62 MB ( <1%) committed 
             Both:        1.06 GB reserved,      65.03 MB (  6%) committed 

Chunk freelists:
   Non-Class:  34.00 KB
       Class:  31.00 KB
        Both:  65.00 KB

MaxMetaspaceSize: 17179869184.00 GB
CompressedClassSpaceSize: 1.00 GB
Initial GC threshold: 20.80 MB
Current GC threshold: 72.96 MB
CDS: off

CodeHeap 'non-profiled nmethods': size=120064Kb used=2273Kb max_used=2273Kb free=117790Kb
 bounds [0x000001fd143d0000, 0x000001fd14640000, 0x000001fd1b910000]
CodeHeap 'profiled nmethods': size=120000Kb used=14656Kb max_used=14656Kb free=105344Kb
 bounds [0x000001fd0cea0000, 0x000001fd0dcf0000, 0x000001fd143d0000]
CodeHeap 'non-nmethods': size=5696Kb used=1365Kb max_used=1384Kb free=4330Kb
 bounds [0x000001fd0c910000, 0x000001fd0cb80000, 0x000001fd0cea0000]
 total_blobs=7144 nmethods=6482 adapters=572
 compilation: enabled
              stopped_count=0, restarted_count=0
 full_count=0

Compilation events (20 events):
Event: 8.796 Thread 0x000001fd2165c800 nmethod 6540 0x000001fd0dce9a10 code [0x000001fd0dce9c40, 0x000001fd0dcea278]
Event: 8.796 Thread 0x000001fd2165c800 6541       1       org.jetbrains.kotlin.backend.jvm.JvmBackendContext::getPreferJavaLikeCounterLoop (2 bytes)
Event: 8.796 Thread 0x000001fd2165c800 nmethod 6541 0x000001fd14607e90 code [0x000001fd14608040, 0x000001fd146080f8]
Event: 8.797 Thread 0x000001fd2165c800 6545       3       org.jetbrains.kotlin.ir.util.SymbolTable::createClassSymbol (38 bytes)
Event: 8.798 Thread 0x000001fd2165c800 nmethod 6545 0x000001fd0dcea510 code [0x000001fd0dcea700, 0x000001fd0dceabd8]
Event: 8.798 Thread 0x000001fd2165c800 6547       3       org.jetbrains.kotlin.ir.util.SymbolTable::enterScope (65 bytes)
Event: 8.799 Thread 0x000001fd2165c800 nmethod 6547 0x000001fd0dcead90 code [0x000001fd0dceb0e0, 0x000001fd0dcec3c8]
Event: 8.799 Thread 0x000001fd2165c800 6549       3       org.jetbrains.kotlin.ir.util.SymbolTable::leaveScope (65 bytes)
Event: 8.800 Thread 0x000001fd2165c800 nmethod 6549 0x000001fd0dceca10 code [0x000001fd0dceccc0, 0x000001fd0dced9c8]
Event: 8.800 Thread 0x000001fd2165c800 6546       3       org.jetbrains.kotlin.ir.util.SymbolTable::enterScope (18 bytes)
Event: 8.800 Thread 0x000001fd2165c800 nmethod 6546 0x000001fd0dcede10 code [0x000001fd0dcee060, 0x000001fd0dcee6f8]
Event: 8.800 Thread 0x000001fd2165c800 6548       3       org.jetbrains.kotlin.ir.util.SymbolTable::leaveScope (18 bytes)
Event: 8.801 Thread 0x000001fd2165c800 nmethod 6548 0x000001fd0dcee990 code [0x000001fd0dceebe0, 0x000001fd0dcef278]
Event: 8.801 Thread 0x000001fd2165c800 6551       1       org.jetbrains.kotlin.ir.declarations.impl.IrClassImpl::getSymbol (5 bytes)
Event: 8.801 Thread 0x000001fd2165c800 nmethod 6551 0x000001fd14608190 code [0x000001fd14608340, 0x000001fd146083f8]
Event: 8.801 Thread 0x000001fd2165c800 6550       1       org.jetbrains.kotlin.ir.declarations.lazy.IrLazyClass::getTypeTranslator (5 bytes)
Event: 8.801 Thread 0x000001fd2165c800 nmethod 6550 0x000001fd14608490 code [0x000001fd14608640, 0x000001fd146086f8]
Event: 8.803 Thread 0x000001fd2165c800 6552       3       org.jetbrains.kotlin.ir.visitors.IrElementTransformerVoid::visitFunctionAccess (16 bytes)
Event: 8.804 Thread 0x000001fd2165c800 nmethod 6552 0x000001fd0dcef510 code [0x000001fd0dcef740, 0x000001fd0dcefd88]
Event: 8.804 Thread 0x000001fd2165c800 6553       3       org.jetbrains.kotlin.ir.expressions.IrBlockBody::accept (15 bytes)

GC Heap History (17 events):
Event: 0.596 GC heap before
{Heap before GC invocations=0 (full 0):
 garbage-first heap   total 98304K, used 17408K [0x00000000a1800000, 0x0000000100000000)
  region size 1024K, 14 young (14336K), 0 survivors (0K)
 Metaspace       used 9872K, capacity 10002K, committed 10112K, reserved 1058816K
  class space    used 839K, capacity 885K, committed 896K, reserved 1048576K
}
Event: 0.601 GC heap after
{Heap after GC invocations=1 (full 0):
 garbage-first heap   total 98304K, used 5263K [0x00000000a1800000, 0x0000000100000000)
  region size 1024K, 2 young (2048K), 2 survivors (2048K)
 Metaspace       used 9872K, capacity 10002K, committed 10112K, reserved 1058816K
  class space    used 839K, capacity 885K, committed 896K, reserved 1048576K
}
Event: 1.712 GC heap before
{Heap before GC invocations=1 (full 0):
 garbage-first heap   total 98304K, used 51343K [0x00000000a1800000, 0x0000000100000000)
  region size 1024K, 48 young (49152K), 2 survivors (2048K)
 Metaspace       used 20952K, capacity 21190K, committed 21248K, reserved 1069056K
  class space    used 2223K, capacity 2302K, committed 2304K, reserved 1048576K
}
Event: 1.730 GC heap after
{Heap after GC invocations=2 (full 0):
 garbage-first heap   total 98304K, used 9914K [0x00000000a1800000, 0x0000000100000000)
  region size 1024K, 7 young (7168K), 7 survivors (7168K)
 Metaspace       used 20952K, capacity 21190K, committed 21248K, reserved 1069056K
  class space    used 2223K, capacity 2302K, committed 2304K, reserved 1048576K
}
Event: 2.966 GC heap before
{Heap before GC invocations=3 (full 0):
 garbage-first heap   total 98304K, used 62138K [0x00000000a1800000, 0x0000000100000000)
  region size 1024K, 53 young (54272K), 7 survivors (7168K)
 Metaspace       used 32051K, capacity 32475K, committed 32764K, reserved 1077248K
  class space    used 4020K, capacity 4209K, committed 4348K, reserved 1048576K
}
Event: 2.998 GC heap after
{Heap after GC invocations=4 (full 0):
 garbage-first heap   total 98304K, used 20872K [0x00000000a1800000, 0x0000000100000000)
  region size 1024K, 6 young (6144K), 6 survivors (6144K)
 Metaspace       used 32051K, capacity 32475K, committed 32764K, reserved 1077248K
  class space    used 4020K, capacity 4209K, committed 4348K, reserved 1048576K
}
Event: 3.326 GC heap before
{Heap before GC invocations=4 (full 0):
 garbage-first heap   total 98304K, used 37256K [0x00000000a1800000, 0x0000000100000000)
  region size 1024K, 23 young (23552K), 6 survivors (6144K)
 Metaspace       used 35408K, capacity 35819K, committed 35964K, reserved 1081344K
  class space    used 4398K, capacity 4599K, committed 4732K, reserved 1048576K
}
Event: 3.339 GC heap after
{Heap after GC invocations=5 (full 0):
 garbage-first heap   total 98304K, used 22922K [0x00000000a1800000, 0x0000000100000000)
  region size 1024K, 2 young (2048K), 2 survivors (2048K)
 Metaspace       used 35408K, capacity 35819K, committed 35964K, reserved 1081344K
  class space    used 4398K, capacity 4599K, committed 4732K, reserved 1048576K
}
Event: 4.256 GC heap before
{Heap before GC invocations=6 (full 0):
 garbage-first heap   total 98304K, used 62858K [0x00000000a1800000, 0x0000000100000000)
  region size 1024K, 41 young (41984K), 2 survivors (2048K)
 Metaspace       used 43606K, capacity 44009K, committed 44316K, reserved 1087488K
  class space    used 5219K, capacity 5384K, committed 5500K, reserved 1048576K
}
Event: 4.273 GC heap after
{Heap after GC invocations=7 (full 0):
 garbage-first heap   total 121856K, used 25994K [0x00000000a1800000, 0x0000000100000000)
  region size 1024K, 5 young (5120K), 5 survivors (5120K)
 Metaspace       used 43606K, capacity 44009K, committed 44316K, reserved 1087488K
  class space    used 5219K, capacity 5384K, committed 5500K, reserved 1048576K
}
Event: 5.146 GC heap before
{Heap before GC invocations=8 (full 0):
 garbage-first heap   total 121856K, used 76170K [0x00000000a1800000, 0x0000000100000000)
  region size 1024K, 53 young (54272K), 5 survivors (5120K)
 Metaspace       used 48131K, capacity 48589K, committed 48924K, reserved 1091584K
  class space    used 5706K, capacity 5912K, committed 6012K, reserved 1048576K
}
Event: 5.177 GC heap after
{Heap after GC invocations=9 (full 0):
 garbage-first heap   total 121856K, used 30720K [0x00000000a1800000, 0x0000000100000000)
  region size 1024K, 7 young (7168K), 7 survivors (7168K)
 Metaspace       used 48131K, capacity 48589K, committed 48924K, reserved 1091584K
  class space    used 5706K, capacity 5912K, committed 6012K, reserved 1048576K
}
Event: 6.622 GC heap before
{Heap before GC invocations=9 (full 0):
 garbage-first heap   total 121856K, used 80896K [0x00000000a1800000, 0x0000000100000000)
  region size 1024K, 56 young (57344K), 7 survivors (7168K)
 Metaspace       used 52134K, capacity 52711K, committed 53020K, reserved 1095680K
  class space    used 5994K, capacity 6217K, committed 6268K, reserved 1048576K
}
Event: 6.669 GC heap after
{Heap after GC invocations=10 (full 0):
 garbage-first heap   total 121856K, used 38106K [0x00000000a1800000, 0x0000000100000000)
  region size 1024K, 7 young (7168K), 7 survivors (7168K)
 Metaspace       used 52134K, capacity 52711K, committed 53020K, reserved 1095680K
  class space    used 5994K, capacity 6217K, committed 6268K, reserved 1048576K
}
Event: 7.581 GC heap before
{Heap before GC invocations=10 (full 0):
 garbage-first heap   total 121856K, used 86234K [0x00000000a1800000, 0x0000000100000000)
  region size 1024K, 53 young (54272K), 7 survivors (7168K)
 Metaspace       used 56868K, capacity 57462K, committed 57756K, reserved 1099776K
  class space    used 6516K, capacity 6756K, committed 6908K, reserved 1048576K
}
Event: 7.626 GC heap after
{Heap after GC invocations=11 (full 0):
 garbage-first heap   total 121856K, used 45056K [0x00000000a1800000, 0x0000000100000000)
  region size 1024K, 6 young (6144K), 6 survivors (6144K)
 Metaspace       used 56868K, capacity 57462K, committed 57756K, reserved 1099776K
  class space    used 6516K, capacity 6756K, committed 6908K, reserved 1048576K
}
Event: 8.804 GC heap before
{Heap before GC invocations=11 (full 0):
 garbage-first heap   total 121856K, used 90112K [0x00000000a1800000, 0x0000000100000000)
  region size 1024K, 50 young (51200K), 6 survivors (6144K)
 Metaspace       used 65751K, capacity 66367K, committed 66588K, reserved 1107968K
  class space    used 7439K, capacity 7681K, committed 7804K, reserved 1048576K
}

Deoptimization events (20 events):
Event: 8.624 Thread 0x000001fd08e0c800 Uncommon trap: trap_request=0xffffff4d fr.pc=0x000001fd1443f110 relative=0x0000000000000250
Event: 8.624 Thread 0x000001fd08e0c800 Uncommon trap: reason=unstable_if action=reinterpret pc=0x000001fd1443f110 method=java.util.HashMap.hash(Ljava/lang/Object;)I @ 1 c2
Event: 8.624 Thread 0x000001fd08e0c800 DEOPT PACKING pc=0x000001fd1443f110 sp=0x0000009ff91fca10
Event: 8.624 Thread 0x000001fd08e0c800 DEOPT UNPACKING pc=0x000001fd0c95a1af sp=0x0000009ff91fc948 mode 2
Event: 8.643 Thread 0x000001fd08e0c800 Uncommon trap: trap_request=0xffffffc6 fr.pc=0x000001fd145fe4c0 relative=0x00000000000005e0
Event: 8.643 Thread 0x000001fd08e0c800 Uncommon trap: reason=bimorphic_or_optimized_type_check action=maybe_recompile pc=0x000001fd145fe4c0 method=org.jetbrains.kotlin.ir.declarations.IrFunction.acceptChildren(Lorg/jetbrains/kotlin/ir/visitors/IrElementVisitor;Ljava/lang/Object;)V @ 7 c2
Event: 8.643 Thread 0x000001fd08e0c800 DEOPT PACKING pc=0x000001fd145fe4c0 sp=0x0000009ff91fc540
Event: 8.643 Thread 0x000001fd08e0c800 DEOPT UNPACKING pc=0x000001fd0c95a1af sp=0x0000009ff91fc4c8 mode 2
Event: 8.681 Thread 0x000001fd08e0c800 Uncommon trap: trap_request=0xffffffbe fr.pc=0x000001fd145a9850 relative=0x00000000000035f0
Event: 8.681 Thread 0x000001fd08e0c800 Uncommon trap: reason=profile_predicate action=maybe_recompile pc=0x000001fd145a9850 method=org.jetbrains.kotlin.serialization.deserialization.descriptors.DeserializedPackageMemberScope.hasClass(Lorg/jetbrains/kotlin/name/Name;)Z @ 65 c2
Event: 8.681 Thread 0x000001fd08e0c800 DEOPT PACKING pc=0x000001fd145a9850 sp=0x0000009ff91fcf20
Event: 8.681 Thread 0x000001fd08e0c800 DEOPT UNPACKING pc=0x000001fd0c95a1af sp=0x0000009ff91fce70 mode 2
Event: 8.682 Thread 0x000001fd08e0c800 Uncommon trap: trap_request=0xffffffbe fr.pc=0x000001fd145a9850 relative=0x00000000000035f0
Event: 8.682 Thread 0x000001fd08e0c800 Uncommon trap: reason=profile_predicate action=maybe_recompile pc=0x000001fd145a9850 method=org.jetbrains.kotlin.serialization.deserialization.descriptors.DeserializedPackageMemberScope.hasClass(Lorg/jetbrains/kotlin/name/Name;)Z @ 65 c2
Event: 8.682 Thread 0x000001fd08e0c800 DEOPT PACKING pc=0x000001fd145a9850 sp=0x0000009ff91fcac0
Event: 8.682 Thread 0x000001fd08e0c800 DEOPT UNPACKING pc=0x000001fd0c95a1af sp=0x0000009ff91fca10 mode 2
Event: 8.682 Thread 0x000001fd08e0c800 Uncommon trap: trap_request=0xffffffc6 fr.pc=0x000001fd14556134 relative=0x0000000000000cb4
Event: 8.682 Thread 0x000001fd08e0c800 Uncommon trap: reason=bimorphic_or_optimized_type_check action=maybe_recompile pc=0x000001fd14556134 method=kotlin.collections.CollectionsKt___CollectionsKt.toList(Ljava/lang/Iterable;)Ljava/util/List; @ 71 c2
Event: 8.682 Thread 0x000001fd08e0c800 DEOPT PACKING pc=0x000001fd14556134 sp=0x0000009ff91fce40
Event: 8.682 Thread 0x000001fd08e0c800 DEOPT UNPACKING pc=0x000001fd0c95a1af sp=0x0000009ff91fce10 mode 2

Classes redefined (0 events):
No events

Internal exceptions (20 events):
Event: 6.786 Thread 0x000001fd08e0c800 Implicit null exception at 0x000001fd14531031 to 0x000001fd145313dc
Event: 6.815 Thread 0x000001fd08e0c800 Implicit null exception at 0x000001fd1446b375 to 0x000001fd1446b54c
Event: 6.884 Thread 0x000001fd08e0c800 Implicit null exception at 0x000001fd1443c8af to 0x000001fd1443c91d
Event: 7.094 Thread 0x000001fd08e0c800 Exception <a 'java/lang/NoSuchMethodError'{0x00000000a7a613a0}: 'java.lang.Object java.lang.invoke.Invokers$Holder.linkToTargetMethod(java.lang.Object, java.lang.Object, java.lang.Object, int, int, java.lang.Object)'> (0x00000000a7a613a0) thrown at [./src/hotspot/share/interpreter/linkResolver.cpp, line 773]
Event: 7.165 Thread 0x000001fd08e0c800 Exception <a 'java/lang/NoSuchMethodError'{0x00000000a784b588}: 'int java.lang.invoke.DirectMethodHandle$Holder.invokeStaticInit(java.lang.Object, int)'> (0x00000000a784b588) thrown at [./src/hotspot/share/interpreter/linkResolver.cpp, line 773]
Event: 7.285 Thread 0x000001fd08e0c800 Exception <a 'java/lang/NoSuchMethodError'{0x00000000a75c1820}: 'int java.lang.invoke.DirectMethodHandle$Holder.invokeInterface(java.lang.Object, java.lang.Object)'> (0x00000000a75c1820) thrown at [./src/hotspot/share/interpreter/linkResolver.cpp, line 773]
Event: 7.297 Thread 0x000001fd08e0c800 Exception <a 'java/lang/NoSuchMethodError'{0x00000000a740daa8}: 'java.lang.Object java.lang.invoke.DirectMethodHandle$Holder.invokeInterface(java.lang.Object, java.lang.Object, java.lang.Object)'> (0x00000000a740daa8) thrown at [./src/hotspot/share/interpreter/linkResolver.cpp, line 773]
Event: 7.298 Thread 0x000001fd08e0c800 Exception <a 'java/lang/IncompatibleClassChangeError'{0x00000000a7410cd8}: Found class java.lang.Object, but interface was expected> (0x00000000a7410cd8) thrown at [./src/hotspot/share/interpreter/linkResolver.cpp, line 839]
Event: 7.508 Thread 0x000001fd08e0c800 Implicit null exception at 0x000001fd144321f5 to 0x000001fd144323bc
Event: 7.844 Thread 0x000001fd08e0c800 Exception <a 'java/lang/NoSuchMethodError'{0x00000000a86a7a10}: 'int java.lang.invoke.DirectMethodHandle$Holder.invokeStaticInit(java.lang.Object, java.lang.Object, java.lang.Object, java.lang.Object)'> (0x00000000a86a7a10) thrown at [./src/hotspot/share/interpreter/linkResolver.cpp, line 773]
Event: 7.923 Thread 0x000001fd08e0c800 Exception <a 'java/lang/NoSuchMethodError'{0x00000000a838db88}: 'java.lang.Object java.lang.invoke.DirectMethodHandle$Holder.invokeStatic(java.lang.Object, java.lang.Object, java.lang.Object, int, int, java.lang.Object, java.lang.Object, java.lang.Object)'> (0x00000000a838db88) thrown at [./src/hotspot/share/interpreter/linkResolver.cpp, line 773]
Event: 7.924 Thread 0x000001fd08e0c800 Exception <a 'java/lang/NoSuchMethodError'{0x00000000a83ace38}: 'java.lang.Object java.lang.invoke.DirectMethodHandle$Holder.invokeStatic(java.lang.Object, java.lang.Object, java.lang.Object, int, int)'> (0x00000000a83ace38) thrown at [./src/hotspot/share/interpreter/linkResolver.cpp, line 773]
Event: 7.924 Thread 0x000001fd08e0c800 Exception <a 'java/lang/NoSuchMethodError'{0x00000000a83b0618}: 'java.lang.Object java.lang.invoke.DirectMethodHandle$Holder.invokeSpecial(java.lang.Object, java.lang.Object, java.lang.Object, java.lang.Object, int, int)'> (0x00000000a83b0618) thrown at [./src/hotspot/share/interpreter/linkResolver.cpp, line 773]
Event: 7.925 Thread 0x000001fd08e0c800 Exception <a 'java/lang/NoSuchMethodError'{0x00000000a83b3720}: 'java.lang.Object java.lang.invoke.Invokers$Holder.linkToTargetMethod(java.lang.Object, java.lang.Object, int, int, java.lang.Object)'> (0x00000000a83b3720) thrown at [./src/hotspot/share/interpreter/linkResolver.cpp, line 773]
Event: 7.940 Thread 0x000001fd08e0c800 Exception <a 'java/lang/NoSuchMethodError'{0x00000000a8238b00}: 'java.lang.Object java.lang.invoke.DirectMethodHandle$Holder.invokeStatic(java.lang.Object, java.lang.Object, java.lang.Object, int, int, java.lang.Object, java.lang.Object)'> (0x00000000a8238b00) thrown at [./src/hotspot/share/interpreter/linkResolver.cpp, line 773]
Event: 7.941 Thread 0x000001fd08e0c800 Exception <a 'java/lang/NoSuchMethodError'{0x00000000a823c718}: 'java.lang.Object java.lang.invoke.DirectMethodHandle$Holder.invokeSpecial(java.lang.Object, java.lang.Object, java.lang.Object, java.lang.Object, int, int, java.lang.Object, java.lang.Object)'> (0x00000000a823c718) thrown at [./src/hotspot/share/interpreter/linkResolver.cpp, line 773]
Event: 7.941 Thread 0x000001fd08e0c800 Exception <a 'java/lang/NoSuchMethodError'{0x00000000a823fb28}: 'java.lang.Object java.lang.invoke.Invokers$Holder.linkToTargetMethod(java.lang.Object, java.lang.Object, int, int, java.lang.Object, java.lang.Object, java.lang.Object)'> (0x00000000a823fb28) thrown at [./src/hotspot/share/interpreter/linkResolver.cpp, line 773]
Event: 8.179 Thread 0x000001fd08e0c800 Exception <a 'java/lang/NoSuchMethodError'{0x00000000a7bb4df0}: 'java.lang.Object java.lang.invoke.DirectMethodHandle$Holder.invokeStatic(java.lang.Object, java.lang.Object, java.lang.Object, int, int, java.lang.Object, java.lang.Object, java.lang.Object, java.lang.Object)'> (0x00000000a7bb4df0) thrown at [./src/hotspot/share/interpreter/linkResolver.cpp, line 773]
Event: 8.179 Thread 0x000001fd08e0c800 Exception <a 'java/lang/NoSuchMethodError'{0x00000000a7bbcbe8}: 'java.lang.Object java.lang.invoke.Invokers$Holder.linkToTargetMethod(java.lang.Object, java.lang.Object, int, int, java.lang.Object, java.lang.Object, java.lang.Object, java.lang.Object, java.lang.Object)'> (0x00000000a7bbcbe8) thrown at [./src/hotspot/share/interpreter/linkResolver.cpp, line 773]
Event: 8.624 Thread 0x000001fd08e0c800 Implicit null exception at 0x000001fd1443eef4 to 0x000001fd1443f104

Events (20 events):
Event: 8.786 loading class org/jetbrains/kotlin/backend/common/lower/loops/RangeLoopTransformer$headerProcessor$1 done
Event: 8.786 loading class org/jetbrains/kotlin/backend/common/lower/loops/ForLoopsLowering$lower$1
Event: 8.786 loading class org/jetbrains/kotlin/backend/common/lower/loops/ForLoopsLowering$lower$1 done
Event: 8.788 loading class org/jetbrains/kotlin/ir/expressions/IrStatementOrigin$FOR_LOOP
Event: 8.788 loading class org/jetbrains/kotlin/ir/expressions/IrStatementOrigin$FOR_LOOP done
Event: 8.790 loading class org/jetbrains/kotlin/backend/jvm/lower/CollectionStubMethodLowering
Event: 8.790 loading class org/jetbrains/kotlin/backend/jvm/lower/CollectionStubMethodLowering done
Event: 8.794 loading class org/jetbrains/kotlin/backend/jvm/caches/CollectionStubComputer$LazyStubsForCollectionClass
Event: 8.794 loading class org/jetbrains/kotlin/backend/jvm/caches/CollectionStubComputer$LazyStubsForCollectionClass done
Event: 8.795 loading class org/jetbrains/kotlin/backend/jvm/caches/StubsForCollectionClass
Event: 8.795 loading class org/jetbrains/kotlin/backend/jvm/caches/StubsForCollectionClass done
Event: 8.795 loading class org/jetbrains/kotlin/backend/jvm/caches/CollectionStubComputer$LazyStubsForCollectionClass$candidatesForStubs$2
Event: 8.795 loading class org/jetbrains/kotlin/backend/jvm/caches/CollectionStubComputer$LazyStubsForCollectionClass$candidatesForStubs$2 done
Event: 8.796 loading class org/jetbrains/kotlin/ir/types/IrTypeUtilsKt
Event: 8.796 loading class org/jetbrains/kotlin/ir/types/IrTypeUtilsKt done
Event: 8.799 loading class org/jetbrains/kotlin/backend/jvm/lower/JvmSingleAbstractMethodLowering
Event: 8.799 loading class org/jetbrains/kotlin/backend/jvm/lower/JvmSingleAbstractMethodLowering done
Event: 8.800 loading class org/jetbrains/kotlin/backend/common/lower/SingleAbstractMethodLowering
Event: 8.800 loading class org/jetbrains/kotlin/backend/common/lower/SingleAbstractMethodLowering done
Event: 8.804 Executing VM operation: G1CollectForAllocation


Dynamic libraries:
0x00007ff79d700000 - 0x00007ff79d70a000 	C:\Program Files\Android\Android Studio\jre\bin\java.exe
0x00007ffeb63d0000 - 0x00007ffeb65c8000 	C:\Windows\SYSTEM32\ntdll.dll
0x00007ffeb4570000 - 0x00007ffeb462d000 	C:\Windows\System32\KERNEL32.DLL
0x00007ffeb3b20000 - 0x00007ffeb3dee000 	C:\Windows\System32\KERNELBASE.dll
0x00007ffeb1330000 - 0x00007ffeb13c0000 	C:\Windows\SYSTEM32\apphelp.dll
0x00007ffeb3ed0000 - 0x00007ffeb3fd0000 	C:\Windows\System32\ucrtbase.dll
0x00007ffea0670000 - 0x00007ffea0687000 	C:\Program Files\Android\Android Studio\jre\bin\VCRUNTIME140.dll
0x00007ffea0da0000 - 0x00007ffea0db9000 	C:\Program Files\Android\Android Studio\jre\bin\jli.dll
0x00007ffeb4ff0000 - 0x00007ffeb5190000 	C:\Windows\System32\USER32.dll
0x00007ffeb3af0000 - 0x00007ffeb3b12000 	C:\Windows\System32\win32u.dll
0x00007ffea3430000 - 0x00007ffea36ca000 	C:\Windows\WinSxS\amd64_microsoft.windows.common-controls_6595b64144ccf1df_6.0.19041.1110_none_60b5254171f9507e\COMCTL32.dll
0x00007ffeb6070000 - 0x00007ffeb609a000 	C:\Windows\System32\GDI32.dll
0x00007ffeb44d0000 - 0x00007ffeb456e000 	C:\Windows\System32\msvcrt.dll
0x00007ffeb40e0000 - 0x00007ffeb41eb000 	C:\Windows\System32\gdi32full.dll
0x00007ffeb4040000 - 0x00007ffeb40dd000 	C:\Windows\System32\msvcp_win.dll
0x00007ffeb4ee0000 - 0x00007ffeb4f10000 	C:\Windows\System32\IMM32.DLL
0x00007ffe98a00000 - 0x00007ffe98a9d000 	C:\Program Files\Android\Android Studio\jre\bin\msvcp140.dll
0x00007ffe883a0000 - 0x00007ffe88e85000 	C:\Program Files\Android\Android Studio\jre\bin\server\jvm.dll
0x00007ffeb5fc0000 - 0x00007ffeb606e000 	C:\Windows\System32\ADVAPI32.dll
0x00007ffeb4430000 - 0x00007ffeb44cc000 	C:\Windows\System32\sechost.dll
0x00007ffeb4d40000 - 0x00007ffeb4e65000 	C:\Windows\System32\RPCRT4.dll
0x00007ffeb5720000 - 0x00007ffeb5728000 	C:\Windows\System32\PSAPI.DLL
0x00007ffea0970000 - 0x00007ffea0979000 	C:\Windows\SYSTEM32\WSOCK32.dll
0x00007ffea31e0000 - 0x00007ffea3207000 	C:\Windows\SYSTEM32\WINMM.dll
0x00007ffeb56b0000 - 0x00007ffeb571b000 	C:\Windows\System32\WS2_32.dll
0x00007ffea3f20000 - 0x00007ffea3f2a000 	C:\Windows\SYSTEM32\VERSION.dll
0x00007ffeb19f0000 - 0x00007ffeb1a02000 	C:\Windows\SYSTEM32\kernel.appcore.dll
0x00007ffeb0890000 - 0x00007ffeb08a1000 	C:\Program Files\Android\Android Studio\jre\bin\verify.dll
0x00007ffea57c0000 - 0x00007ffea59a4000 	C:\Windows\SYSTEM32\DBGHELP.DLL
0x00007ffe97200000 - 0x00007ffe9722c000 	C:\Windows\SYSTEM32\dbgcore.DLL
0x00007ffeb3e40000 - 0x00007ffeb3ec2000 	C:\Windows\System32\bcryptPrimitives.dll
0x00007ffeaecf0000 - 0x00007ffeaed19000 	C:\Program Files\Android\Android Studio\jre\bin\java.dll
0x00007ffeb0880000 - 0x00007ffeb088b000 	C:\Program Files\Android\Android Studio\jre\bin\jimage.dll
0x00007ffeb07a0000 - 0x00007ffeb07b8000 	C:\Program Files\Android\Android Studio\jre\bin\zip.dll
0x00007ffeb5730000 - 0x00007ffeb5e74000 	C:\Windows\System32\SHELL32.dll
0x00007ffeb1bf0000 - 0x00007ffeb2384000 	C:\Windows\SYSTEM32\windows.storage.dll
0x00007ffeb5190000 - 0x00007ffeb54e4000 	C:\Windows\System32\combase.dll
0x00007ffeb3550000 - 0x00007ffeb3580000 	C:\Windows\SYSTEM32\Wldp.dll
0x00007ffeb4c90000 - 0x00007ffeb4d3d000 	C:\Windows\System32\SHCORE.dll
0x00007ffeb60a0000 - 0x00007ffeb60f5000 	C:\Windows\System32\shlwapi.dll
0x00007ffeb3a30000 - 0x00007ffeb3a4f000 	C:\Windows\SYSTEM32\profapi.dll
0x00007ffeaf150000 - 0x00007ffeaf16a000 	C:\Program Files\Android\Android Studio\jre\bin\net.dll
0x00007ffea4c30000 - 0x00007ffea4d3a000 	C:\Windows\SYSTEM32\WINHTTP.dll
0x00007ffeb32b0000 - 0x00007ffeb331a000 	C:\Windows\system32\mswsock.dll
0x00007ffeaecd0000 - 0x00007ffeaece4000 	C:\Program Files\Android\Android Studio\jre\bin\nio.dll

dbghelp: loaded successfully - version: 4.0.5 - missing functions: none
symbol engine: initialized successfully - sym options: 0x614 - pdb path: .;C:\Program Files\Android\Android Studio\jre\bin;C:\Windows\SYSTEM32;C:\Windows\WinSxS\amd64_microsoft.windows.common-controls_6595b64144ccf1df_6.0.19041.1110_none_60b5254171f9507e;C:\Program Files\Android\Android Studio\jre\bin\server

VM Arguments:
java_command: org.jetbrains.kotlin.cli.jvm.K2JVMCompiler @C:\Workspace\ProjetosKotlin\dice-roller-kotlin\app\build\20220814_17934976609598739477.compiler.options
java_class_path (initial): C:\Users\Camilla\.gradle\caches\modules-2\files-2.1\org.jetbrains.kotlin\kotlin-compiler-embeddable\1.7.10\909803167c98606fcf22b4c848647c68e351d48d\kotlin-compiler-embeddable-1.7.10.jar;C:\Users\Camilla\.gradle\caches\modules-2\files-2.1\org.jetbrains.kotlin\kotlin-reflect\1.7.10\165e600dfea6185cf5efa700756294cc4904dbeb\kotlin-reflect-1.7.10.jar;C:\Users\Camilla\.gradle\caches\modules-2\files-2.1\org.jetbrains.kotlin\kotlin-stdlib\1.7.10\d2abf9e77736acc4450dc4a3f707fa2c10f5099d\kotlin-stdlib-1.7.10.jar;C:\Users\Camilla\.gradle\caches\modules-2\files-2.1\org.jetbrains.kotlin\kotlin-script-runtime\1.7.10\c99c87a6988d8fd8d5142e9ed5c9f34a7cf561ee\kotlin-script-runtime-1.7.10.jar;C:\Users\Camilla\.gradle\caches\modules-2\files-2.1\org.jetbrains.kotlin\kotlin-daemon-embeddable\1.7.10\3a9f7aef7080d3ae63126cbba4f827ed664f32fa\kotlin-daemon-embeddable-1.7.10.jar;C:\Users\Camilla\.gradle\caches\modules-2\files-2.1\org.jetbrains.intellij.deps\trove4j\1.0.20200330\3afb14d5f9ceb459d724e907a21145e8ff394f02\trove4j-1.0.20200330.jar;C:\Users\Camilla\.gradle\caches\modules-2\files-2.1\net.java.dev.jna\jna\5.6.0\330f2244e9030119ab3030fc3fededc86713d9cc\jna-5.6.0.jar;C:\Users\Camilla\.gradle\caches\modules-2\files-2.1\org.jetbrains.kotlin\kotlin-stdlib-common\1.7.10\bac80c520d0a9e3f3673bc2658c6ed02ef45a76a\kotlin-stdlib-common-1.7.10.jar;C:\Users\Camilla\.gradle\caches\modules-2\files-2.1\org.jetbrains\annotations\13.0\919f0dfe192fb4e063e7dacadee7f8bb9a2672a9\annotations-13.0.jar
Launcher Type: SUN_STANDARD

[Global flags]
     intx CICompilerCount                          = 3                                         {product} {ergonomic}
     uint ConcGCThreads                            = 1                                         {product} {ergonomic}
     uint G1ConcRefinementThreads                  = 4                                         {product} {ergonomic}
   size_t G1HeapRegionSize                         = 1048576                                   {product} {ergonomic}
    uintx GCDrainStackTargetSize                   = 64                                        {product} {ergonomic}
   size_t InitialHeapSize                          = 100663296                                 {product} {ergonomic}
   size_t MarkStackSize                            = 4194304                                   {product} {ergonomic}
   size_t MaxHeapSize                              = 1585446912                                {product} {ergonomic}
   size_t MaxNewSize                               = 951058432                                 {product} {ergonomic}
   size_t MinHeapDeltaBytes                        = 1048576                                   {product} {ergonomic}
    uintx NonNMethodCodeHeapSize                   = 5830732                                {pd product} {ergonomic}
    uintx NonProfiledCodeHeapSize                  = 122913754                              {pd product} {ergonomic}
    uintx ProfiledCodeHeapSize                     = 122913754                              {pd product} {ergonomic}
    uintx ReservedCodeCacheSize                    = 251658240                              {pd product} {ergonomic}
     bool SegmentedCodeCache                       = true                                      {product} {ergonomic}
     bool UseCompressedClassPointers               = true                                 {lp64_product} {ergonomic}
     bool UseCompressedOops                        = true                                 {lp64_product} {ergonomic}
     bool UseG1GC                                  = true                                      {product} {ergonomic}
     bool UseLargePagesIndividualAllocation        = false                                  {pd product} {ergonomic}

Logging:
Log output configuration:
 #0: stdout all=warning uptime,level,tags
 #1: stderr all=off uptime,level,tags

Environment Variables:
JAVA_HOME=C:\Users\Camilla\AppData\Local\Programs\Eclipse Adoptium\jdk-17.0.2.8-hotspot\
PATH=C:\Program Files (x86)\Common Files\Oracle\Java\javapath;C:\Windows\system32;C:\Windows;C:\Windows\System32\Wbem;C:\Windows\System32\WindowsPowerShell\v1.0\;C:\Windows\System32\OpenSSH\;C:\Program Files\Git\cmd;C:\Program Files\nodejs\;C:\Program Files\heroku\bin;C:\Workspace\apache-maven-3.8.6\bin;C:\Users\Camilla\AppData\Local\Programs\Eclipse Adoptium\jdk-17.0.2.8-hotspot\bin;C:\Users\Camilla\AppData\Local\Microsoft\WindowsApps;C:\xampp\php;C:\Users\Camilla\AppData\Roaming\npm;C:\Users\Camilla\AppData\Local\GitHubDesktop\bin;C:\Program Files\heroku\bin;C:\Users\Camilla\AppData\Local\Programs\Microsoft VS Code\bin
USERNAME=Camilla
OS=Windows_NT
PROCESSOR_IDENTIFIER=Intel64 Family 6 Model 69 Stepping 1, GenuineIntel



---------------  S Y S T E M  ---------------

OS: Windows 10 , 64 bit Build 19041 (10.0.19041.1889)
OS uptime: 3 days 7:06 hours

CPU:total 4 (initial active 4) (2 cores per cpu, 2 threads per core) family 6 model 69 stepping 1 microcode 0x25, cmov, cx8, fxsr, mmx, sse, sse2, sse3, ssse3, sse4.1, sse4.2, popcnt, avx, avx2, aes, clmul, erms, lzcnt, ht, tsc, tscinvbit, bmi1, bmi2, fma

Memory: 4k page, system-wide physical 6042M (246M free)
TotalPageFile size 10042M (AvailPageFile size 41M)
current process WorkingSet (physical memory assigned to process): 278M, peak: 278M
current process commit charge ("private bytes"): 304M, peak: 354M

vm_info: OpenJDK 64-Bit Server VM (11.0.12+7-b1504.28-7817840) for windows-amd64 JRE (11.0.12+7-b1504.28-7817840), built on Oct 13 2021 22:12:33 by "builder" with MS VC++ 14.0 (VS2015)

END.
